[ 2013-07-23T14:48:37+08:00 ] ERR: (ThinkException) 无法加载模块:Cookie/setcookie
[ 2013-07-23T14:48:38+08:00 ] ERR: (ThinkException) 无法加载模块:Cookie/setcookie
[ 2013-07-23T14:48:38+08:00 ] ERR: (ThinkException) 无法加载模块:Cookie/setcookie
[ 2013-07-23T14:48:39+08:00 ] ERR: (ThinkException) 无法加载模块:Cookie/setcookie
[ 2013-07-23T14:48:39+08:00 ] ERR: (ThinkException) 无法加载模块:Cookie/setcookie
[ 2013-07-23T14:48:39+08:00 ] ERR: (ThinkException) 无法加载模块:Cookie/setcookie
[ 2013-07-23T14:48:39+08:00 ] ERR: (ThinkException) 无法加载模块:Cookie/setcookie
[ 2013-07-23T14:48:40+08:00 ] ERR: (ThinkException) 无法加载模块:Cookie/setcookie
[ 2013-07-23T14:48:40+08:00 ] ERR: (ThinkException) 无法加载模块:Cookie/setcookie
[ 2013-07-23T14:48:40+08:00 ] ERR: (ThinkException) 无法加载模块:Cookie/setcookie
[ 2013-07-23T14:48:40+08:00 ] ERR: (ThinkException) 无法加载模块:Cookie/setcookie
[ 2013-07-23T14:48:40+08:00 ] ERR: (ThinkException) 无法加载模块:Cookie/setcookie
[ 2013-07-23T14:48:41+08:00 ] ERR: (ThinkException) 无法加载模块:Cookie/setcookie
[ 2013-07-23T14:48:45+08:00 ] ERR: (ThinkException) 无法加载模块:Cookie/setcookie
[ 2013-07-23T14:49:40+08:00 ] ERR: (ThinkException) 无法加载模块:Cookiew/setcookie
[ 2013-07-23T14:50:25+08:00 ] ERR: (ThinkException) 无法加载模块:Cookiew/setcookie
[ 2013-07-23T14:50:44+08:00 ] ERR: (ThinkException) 无法加载模块:Cookiew/setscookie
[ 2013-07-23T14:50:48+08:00 ] ERR: (ThinkException) 无法加载模块:Cookiew/setscookie
[ 2013-07-23T14:50:53+08:00 ] ERR: (ThinkException) 无法加载模块:Cookiew/setscookie
[ 2013-07-23T14:52:08+08:00 ] ERR: (ThinkException) 无法加载模块:Cookiew/showcookie
[ 2013-07-23T14:52:10+08:00 ] ERR: (ThinkException) 无法加载模块:Cookiew/showcookie
[ 2013-07-23T14:52:11+08:00 ] ERR: (ThinkException) 无法加载模块:Cookiew/showcookie
[ 2013-07-23T14:55:35+08:00 ] 192.168.1.108 /product.php/Cookie?id=2
INFO: [ app_begin ] --START--
INFO: Run ReadHtmlCache Behavior [ RunTime:0.001000s ]
INFO: [ app_begin ] --END-- [ RunTime:0.001000s ]
SQL: SHOW COLUMNS FROM `cd_shop` [ RunTime:0.006000s ]
SQL: SELECT * FROM `cd_shop` WHERE ( id=2 ) LIMIT 1   [ RunTime:0.001000s ]
NOTIC: [8] Undefined index: check D:\www\Enterprise\Product\Lib\Action\CookieAction.class.php 第 20 行.
NOTIC: [8] Undefined variable: set D:\www\Enterprise\Core\Lib\Core\Db.class.php 第 283 行.
NOTIC: [2] implode(): Invalid arguments passed D:\www\Enterprise\Core\Lib\Core\Db.class.php 第 283 行.
SQL: UPDATE `cd_shop` SET  WHERE ( id=2 ) [ RunTime:0.001000s ]
ERR: You have an error in your SQL syntax; check the manual that corresponds to your MySQL server version for the right syntax to use near 'WHERE ( id=2 )' at line 1
 [ SQL语句 ] : UPDATE `cd_shop` SET  WHERE ( id=2 )

[ 2013-07-23T14:55:36+08:00 ] 192.168.1.108 /product.php/Cookie/showcookie
INFO: [ app_begin ] --START--
INFO: Run ReadHtmlCache Behavior [ RunTime:0.001001s ]
INFO: [ app_begin ] --END-- [ RunTime:0.001001s ]
SQL: SHOW COLUMNS FROM `cd_shop` [ RunTime:0.006000s ]
NOTIC: [8] Undefined index: cookie D:\www\Enterprise\Product\Lib\Action\CookieAction.class.php 第 27 行.
NOTIC: [2] Invalid argument supplied for foreach() D:\www\Enterprise\Product\Lib\Action\CookieAction.class.php 第 27 行.
SQL: select * from cd_shop where  limit 10 [ RunTime:0.000000s ]
ERR: You have an error in your SQL syntax; check the manual that corresponds to your MySQL server version for the right syntax to use near 'limit 10' at line 1
 [ SQL语句 ] : select * from cd_shop where  limit 10

[ 2013-07-23T15:02:40+08:00 ] 192.168.1.108 /product.php/Cookie/showcookie
INFO: [ app_begin ] --START--
INFO: Run ReadHtmlCache Behavior [ RunTime:0.001000s ]
INFO: [ app_begin ] --END-- [ RunTime:0.001000s ]
SQL: SHOW COLUMNS FROM `cd_shop` [ RunTime:0.005000s ]
SQL: select * from cd_shop where  id=2  limit 10 [ RunTime:0.001000s ]
NOTIC: [8] Undefined offset: 1 D:\www\Enterprise\Product\Lib\Action\CookieAction.class.php 第 35 行.
NOTIC: [8] Undefined offset: 1 D:\www\Enterprise\Product\Lib\Action\CookieAction.class.php 第 35 行.
NOTIC: [8] Undefined offset: 1 D:\www\Enterprise\Product\Lib\Action\CookieAction.class.php 第 35 行.
NOTIC: [8] Undefined offset: 1 D:\www\Enterprise\Product\Lib\Action\CookieAction.class.php 第 35 行.
NOTIC: [8] Undefined offset: 1 D:\www\Enterprise\Product\Lib\Action\CookieAction.class.php 第 35 行.
NOTIC: [8] Undefined offset: 1 D:\www\Enterprise\Product\Lib\Action\CookieAction.class.php 第 35 行.
NOTIC: [8] Undefined offset: 1 D:\www\Enterprise\Product\Lib\Action\CookieAction.class.php 第 35 行.
NOTIC: [8] Undefined offset: 2 D:\www\Enterprise\Product\Lib\Action\CookieAction.class.php 第 35 行.
NOTIC: [8] Undefined offset: 2 D:\www\Enterprise\Product\Lib\Action\CookieAction.class.php 第 35 行.
NOTIC: [8] Undefined offset: 2 D:\www\Enterprise\Product\Lib\Action\CookieAction.class.php 第 35 行.
NOTIC: [8] Undefined offset: 2 D:\www\Enterprise\Product\Lib\Action\CookieAction.class.php 第 35 行.
NOTIC: [8] Undefined offset: 2 D:\www\Enterprise\Product\Lib\Action\CookieAction.class.php 第 35 行.
NOTIC: [8] Undefined offset: 2 D:\www\Enterprise\Product\Lib\Action\CookieAction.class.php 第 35 行.
NOTIC: [8] Undefined offset: 2 D:\www\Enterprise\Product\Lib\Action\CookieAction.class.php 第 35 行.
NOTIC: [8] Undefined offset: 3 D:\www\Enterprise\Product\Lib\Action\CookieAction.class.php 第 35 行.
NOTIC: [8] Undefined offset: 3 D:\www\Enterprise\Product\Lib\Action\CookieAction.class.php 第 35 行.
NOTIC: [8] Undefined offset: 3 D:\www\Enterprise\Product\Lib\Action\CookieAction.class.php 第 35 行.
NOTIC: [8] Undefined offset: 3 D:\www\Enterprise\Product\Lib\Action\CookieAction.class.php 第 35 行.
NOTIC: [8] Undefined offset: 3 D:\www\Enterprise\Product\Lib\Action\CookieAction.class.php 第 35 行.
NOTIC: [8] Undefined offset: 3 D:\www\Enterprise\Product\Lib\Action\CookieAction.class.php 第 35 行.
NOTIC: [8] Undefined offset: 3 D:\www\Enterprise\Product\Lib\Action\CookieAction.class.php 第 35 行.
NOTIC: [8] Undefined offset: 4 D:\www\Enterprise\Product\Lib\Action\CookieAction.class.php 第 35 行.
NOTIC: [8] Undefined offset: 4 D:\www\Enterprise\Product\Lib\Action\CookieAction.class.php 第 35 行.
NOTIC: [8] Undefined offset: 4 D:\www\Enterprise\Product\Lib\Action\CookieAction.class.php 第 35 行.
NOTIC: [8] Undefined offset: 4 D:\www\Enterprise\Product\Lib\Action\CookieAction.class.php 第 35 行.
NOTIC: [8] Undefined offset: 4 D:\www\Enterprise\Product\Lib\Action\CookieAction.class.php 第 35 行.
NOTIC: [8] Undefined offset: 4 D:\www\Enterprise\Product\Lib\Action\CookieAction.class.php 第 35 行.
NOTIC: [8] Undefined offset: 4 D:\www\Enterprise\Product\Lib\Action\CookieAction.class.php 第 35 行.
NOTIC: [8] Undefined offset: 5 D:\www\Enterprise\Product\Lib\Action\CookieAction.class.php 第 35 行.
NOTIC: [8] Undefined offset: 5 D:\www\Enterprise\Product\Lib\Action\CookieAction.class.php 第 35 行.
NOTIC: [8] Undefined offset: 5 D:\www\Enterprise\Product\Lib\Action\CookieAction.class.php 第 35 行.
NOTIC: [8] Undefined offset: 5 D:\www\Enterprise\Product\Lib\Action\CookieAction.class.php 第 35 行.
NOTIC: [8] Undefined offset: 5 D:\www\Enterprise\Product\Lib\Action\CookieAction.class.php 第 35 行.
NOTIC: [8] Undefined offset: 5 D:\www\Enterprise\Product\Lib\Action\CookieAction.class.php 第 35 行.
NOTIC: [8] Undefined offset: 5 D:\www\Enterprise\Product\Lib\Action\CookieAction.class.php 第 35 行.
NOTIC: [8] Undefined offset: 6 D:\www\Enterprise\Product\Lib\Action\CookieAction.class.php 第 35 行.
NOTIC: [8] Undefined offset: 6 D:\www\Enterprise\Product\Lib\Action\CookieAction.class.php 第 35 行.
NOTIC: [8] Undefined offset: 6 D:\www\Enterprise\Product\Lib\Action\CookieAction.class.php 第 35 行.
NOTIC: [8] Undefined offset: 6 D:\www\Enterprise\Product\Lib\Action\CookieAction.class.php 第 35 行.
NOTIC: [8] Undefined offset: 6 D:\www\Enterprise\Product\Lib\Action\CookieAction.class.php 第 35 行.
NOTIC: [8] Undefined offset: 6 D:\www\Enterprise\Product\Lib\Action\CookieAction.class.php 第 35 行.
NOTIC: [8] Undefined offset: 6 D:\www\Enterprise\Product\Lib\Action\CookieAction.class.php 第 35 行.
NOTIC: [8] Undefined offset: 7 D:\www\Enterprise\Product\Lib\Action\CookieAction.class.php 第 35 行.
NOTIC: [8] Undefined offset: 7 D:\www\Enterprise\Product\Lib\Action\CookieAction.class.php 第 35 行.
NOTIC: [8] Undefined offset: 7 D:\www\Enterprise\Product\Lib\Action\CookieAction.class.php 第 35 行.
NOTIC: [8] Undefined offset: 7 D:\www\Enterprise\Product\Lib\Action\CookieAction.class.php 第 35 行.
NOTIC: [8] Undefined offset: 7 D:\www\Enterprise\Product\Lib\Action\CookieAction.class.php 第 35 行.
NOTIC: [8] Undefined offset: 7 D:\www\Enterprise\Product\Lib\Action\CookieAction.class.php 第 35 行.
NOTIC: [8] Undefined offset: 7 D:\www\Enterprise\Product\Lib\Action\CookieAction.class.php 第 35 行.
NOTIC: [8] Undefined offset: 8 D:\www\Enterprise\Product\Lib\Action\CookieAction.class.php 第 35 行.
NOTIC: [8] Undefined offset: 8 D:\www\Enterprise\Product\Lib\Action\CookieAction.class.php 第 35 行.
NOTIC: [8] Undefined offset: 8 D:\www\Enterprise\Product\Lib\Action\CookieAction.class.php 第 35 行.
NOTIC: [8] Undefined offset: 8 D:\www\Enterprise\Product\Lib\Action\CookieAction.class.php 第 35 行.
NOTIC: [8] Undefined offset: 8 D:\www\Enterprise\Product\Lib\Action\CookieAction.class.php 第 35 行.
NOTIC: [8] Undefined offset: 8 D:\www\Enterprise\Product\Lib\Action\CookieAction.class.php 第 35 行.
NOTIC: [8] Undefined offset: 8 D:\www\Enterprise\Product\Lib\Action\CookieAction.class.php 第 35 行.
NOTIC: [8] Undefined offset: 9 D:\www\Enterprise\Product\Lib\Action\CookieAction.class.php 第 35 行.
NOTIC: [8] Undefined offset: 9 D:\www\Enterprise\Product\Lib\Action\CookieAction.class.php 第 35 行.
NOTIC: [8] Undefined offset: 9 D:\www\Enterprise\Product\Lib\Action\CookieAction.class.php 第 35 行.
NOTIC: [8] Undefined offset: 9 D:\www\Enterprise\Product\Lib\Action\CookieAction.class.php 第 35 行.
NOTIC: [8] Undefined offset: 9 D:\www\Enterprise\Product\Lib\Action\CookieAction.class.php 第 35 行.
NOTIC: [8] Undefined offset: 9 D:\www\Enterprise\Product\Lib\Action\CookieAction.class.php 第 35 行.
NOTIC: [8] Undefined offset: 9 D:\www\Enterprise\Product\Lib\Action\CookieAction.class.php 第 35 行.

[ 2013-07-23T15:02:41+08:00 ] 192.168.1.108 /product.php/Cookie?id=%24%7Bshop.id%7D
INFO: [ app_begin ] --START--
INFO: Run ReadHtmlCache Behavior [ RunTime:0.001000s ]
INFO: [ app_begin ] --END-- [ RunTime:0.001000s ]
SQL: SHOW COLUMNS FROM `cd_shop` [ RunTime:0.003001s ]
SQL: SELECT * FROM `cd_shop` WHERE ( id=0 ) LIMIT 1   [ RunTime:0.000000s ]
NOTIC: [8] Undefined variable: set D:\www\Enterprise\Core\Lib\Core\Db.class.php 第 283 行.
NOTIC: [2] implode(): Invalid arguments passed D:\www\Enterprise\Core\Lib\Core\Db.class.php 第 283 行.
SQL: UPDATE `cd_shop` SET  WHERE ( id=0 ) [ RunTime:0.001000s ]
ERR: You have an error in your SQL syntax; check the manual that corresponds to your MySQL server version for the right syntax to use near 'WHERE ( id=0 )' at line 1
 [ SQL语句 ] : UPDATE `cd_shop` SET  WHERE ( id=0 )

[ 2013-07-23T15:02:48+08:00 ] 192.168.1.108 /product.php/Cookie?id=%24%7Bshop.id%7D
INFO: [ app_begin ] --START--
INFO: Run ReadHtmlCache Behavior [ RunTime:0.000000s ]
INFO: [ app_begin ] --END-- [ RunTime:0.000000s ]
SQL: SHOW COLUMNS FROM `cd_shop` [ RunTime:0.006000s ]
SQL: SELECT * FROM `cd_shop` WHERE ( id=0 ) LIMIT 1   [ RunTime:0.001000s ]
NOTIC: [8] Undefined variable: set D:\www\Enterprise\Core\Lib\Core\Db.class.php 第 283 行.
NOTIC: [2] implode(): Invalid arguments passed D:\www\Enterprise\Core\Lib\Core\Db.class.php 第 283 行.
SQL: UPDATE `cd_shop` SET  WHERE ( id=0 ) [ RunTime:0.000000s ]
ERR: You have an error in your SQL syntax; check the manual that corresponds to your MySQL server version for the right syntax to use near 'WHERE ( id=0 )' at line 1
 [ SQL语句 ] : UPDATE `cd_shop` SET  WHERE ( id=0 )

[ 2013-07-23T15:02:49+08:00 ] 192.168.1.108 /product.php/Cookie/showcookie
INFO: [ app_begin ] --START--
INFO: Run ReadHtmlCache Behavior [ RunTime:0.001000s ]
INFO: [ app_begin ] --END-- [ RunTime:0.001000s ]
SQL: SHOW COLUMNS FROM `cd_shop` [ RunTime:0.006000s ]
SQL: select * from cd_shop where  id=2  id=${shop.id}  limit 10 [ RunTime:0.000000s ]
ERR: You have an error in your SQL syntax; check the manual that corresponds to your MySQL server version for the right syntax to use near 'id=${shop.id}  limit 10' at line 1
 [ SQL语句 ] : select * from cd_shop where  id=2  id=${shop.id}  limit 10

[ 2013-07-23T15:02:50+08:00 ] 192.168.1.108 /product.php/Cookie?id=%24%7Bshop.id%7D
INFO: [ app_begin ] --START--
INFO: Run ReadHtmlCache Behavior [ RunTime:0.000000s ]
INFO: [ app_begin ] --END-- [ RunTime:0.000000s ]
SQL: SHOW COLUMNS FROM `cd_shop` [ RunTime:0.005000s ]
SQL: SELECT * FROM `cd_shop` WHERE ( id=0 ) LIMIT 1   [ RunTime:0.001000s ]
NOTIC: [8] Undefined variable: set D:\www\Enterprise\Core\Lib\Core\Db.class.php 第 283 行.
NOTIC: [2] implode(): Invalid arguments passed D:\www\Enterprise\Core\Lib\Core\Db.class.php 第 283 行.
SQL: UPDATE `cd_shop` SET  WHERE ( id=0 ) [ RunTime:0.000000s ]
ERR: You have an error in your SQL syntax; check the manual that corresponds to your MySQL server version for the right syntax to use near 'WHERE ( id=0 )' at line 1
 [ SQL语句 ] : UPDATE `cd_shop` SET  WHERE ( id=0 )

[ 2013-07-23T15:02:51+08:00 ] 192.168.1.108 /product.php/Cookie/showcookie
INFO: [ app_begin ] --START--
INFO: Run ReadHtmlCache Behavior [ RunTime:0.001000s ]
INFO: [ app_begin ] --END-- [ RunTime:0.001000s ]
SQL: SHOW COLUMNS FROM `cd_shop` [ RunTime:0.005001s ]
SQL: select * from cd_shop where  id=2  id=${shop.id}  limit 10 [ RunTime:0.000000s ]
ERR: You have an error in your SQL syntax; check the manual that corresponds to your MySQL server version for the right syntax to use near 'id=${shop.id}  limit 10' at line 1
 [ SQL语句 ] : select * from cd_shop where  id=2  id=${shop.id}  limit 10

[ 2013-07-23T15:02:52+08:00 ] 192.168.1.108 /product.php/Cookie?id=%24%7Bshop.id%7D
INFO: [ app_begin ] --START--
INFO: Run ReadHtmlCache Behavior [ RunTime:0.001000s ]
INFO: [ app_begin ] --END-- [ RunTime:0.001000s ]
SQL: SHOW COLUMNS FROM `cd_shop` [ RunTime:0.005001s ]
SQL: SELECT * FROM `cd_shop` WHERE ( id=0 ) LIMIT 1   [ RunTime:0.001000s ]
NOTIC: [8] Undefined variable: set D:\www\Enterprise\Core\Lib\Core\Db.class.php 第 283 行.
NOTIC: [2] implode(): Invalid arguments passed D:\www\Enterprise\Core\Lib\Core\Db.class.php 第 283 行.
SQL: UPDATE `cd_shop` SET  WHERE ( id=0 ) [ RunTime:0.000000s ]
ERR: You have an error in your SQL syntax; check the manual that corresponds to your MySQL server version for the right syntax to use near 'WHERE ( id=0 )' at line 1
 [ SQL语句 ] : UPDATE `cd_shop` SET  WHERE ( id=0 )

[ 2013-07-23T15:02:54+08:00 ] 192.168.1.108 /product.php/Cookie/showcookie
INFO: [ app_begin ] --START--
INFO: Run ReadHtmlCache Behavior [ RunTime:0.001000s ]
INFO: [ app_begin ] --END-- [ RunTime:0.001000s ]
SQL: SHOW COLUMNS FROM `cd_shop` [ RunTime:0.003000s ]
SQL: select * from cd_shop where  id=2  id=${shop.id}  limit 10 [ RunTime:0.001001s ]
ERR: You have an error in your SQL syntax; check the manual that corresponds to your MySQL server version for the right syntax to use near 'id=${shop.id}  limit 10' at line 1
 [ SQL语句 ] : select * from cd_shop where  id=2  id=${shop.id}  limit 10

[ 2013-07-23T15:02:56+08:00 ] 192.168.1.108 /product.php/Cookie?id=%24%7Bshop.id%7D
INFO: [ app_begin ] --START--
INFO: Run ReadHtmlCache Behavior [ RunTime:0.000000s ]
INFO: [ app_begin ] --END-- [ RunTime:0.000000s ]
SQL: SHOW COLUMNS FROM `cd_shop` [ RunTime:0.003000s ]
SQL: SELECT * FROM `cd_shop` WHERE ( id=0 ) LIMIT 1   [ RunTime:0.001000s ]
NOTIC: [8] Undefined variable: set D:\www\Enterprise\Core\Lib\Core\Db.class.php 第 283 行.
NOTIC: [2] implode(): Invalid arguments passed D:\www\Enterprise\Core\Lib\Core\Db.class.php 第 283 行.
SQL: UPDATE `cd_shop` SET  WHERE ( id=0 ) [ RunTime:0.000000s ]
ERR: You have an error in your SQL syntax; check the manual that corresponds to your MySQL server version for the right syntax to use near 'WHERE ( id=0 )' at line 1
 [ SQL语句 ] : UPDATE `cd_shop` SET  WHERE ( id=0 )

[ 2013-07-23T15:02:57+08:00 ] 192.168.1.108 /product.php/Cookie/showcookie
INFO: [ app_begin ] --START--
INFO: Run ReadHtmlCache Behavior [ RunTime:0.000000s ]
INFO: [ app_begin ] --END-- [ RunTime:0.000000s ]
SQL: SHOW COLUMNS FROM `cd_shop` [ RunTime:0.003000s ]
SQL: select * from cd_shop where  id=2  id=${shop.id}  limit 10 [ RunTime:0.000000s ]
ERR: You have an error in your SQL syntax; check the manual that corresponds to your MySQL server version for the right syntax to use near 'id=${shop.id}  limit 10' at line 1
 [ SQL语句 ] : select * from cd_shop where  id=2  id=${shop.id}  limit 10

[ 2013-07-23T15:03:08+08:00 ] 192.168.1.108 /product.php/Cookie?id=%24%7Bshop.id%7D
INFO: [ app_begin ] --START--
INFO: Run ReadHtmlCache Behavior [ RunTime:0.001000s ]
INFO: [ app_begin ] --END-- [ RunTime:0.001000s ]
SQL: SHOW COLUMNS FROM `cd_shop` [ RunTime:0.005001s ]
SQL: SELECT * FROM `cd_shop` WHERE ( id=0 ) LIMIT 1   [ RunTime:0.001000s ]
NOTIC: [8] Undefined variable: set D:\www\Enterprise\Core\Lib\Core\Db.class.php 第 283 行.
NOTIC: [2] implode(): Invalid arguments passed D:\www\Enterprise\Core\Lib\Core\Db.class.php 第 283 行.
SQL: UPDATE `cd_shop` SET  WHERE ( id=0 ) [ RunTime:0.000000s ]
ERR: You have an error in your SQL syntax; check the manual that corresponds to your MySQL server version for the right syntax to use near 'WHERE ( id=0 )' at line 1
 [ SQL语句 ] : UPDATE `cd_shop` SET  WHERE ( id=0 )

[ 2013-07-23T15:03:09+08:00 ] 192.168.1.108 /product.php/Cookie/showcookie
INFO: [ app_begin ] --START--
INFO: Run ReadHtmlCache Behavior [ RunTime:0.000000s ]
INFO: [ app_begin ] --END-- [ RunTime:0.000000s ]
SQL: SHOW COLUMNS FROM `cd_shop` [ RunTime:0.004000s ]
SQL: select * from cd_shop where  id=2  id=${shop.id}  limit 10 [ RunTime:0.000000s ]
ERR: You have an error in your SQL syntax; check the manual that corresponds to your MySQL server version for the right syntax to use near 'id=${shop.id}  limit 10' at line 1
 [ SQL语句 ] : select * from cd_shop where  id=2  id=${shop.id}  limit 10

[ 2013-07-23T15:04:25+08:00 ] 192.168.1.112 /product.php/Cookie?id=%24%7Bshop.id%7D
INFO: [ app_begin ] --START--
INFO: Run ReadHtmlCache Behavior [ RunTime:0.000000s ]
INFO: [ app_begin ] --END-- [ RunTime:0.001000s ]
SQL: SHOW COLUMNS FROM `cd_shop` [ RunTime:0.007000s ]
SQL: SELECT * FROM `cd_shop` WHERE ( id=0 ) LIMIT 1   [ RunTime:0.001000s ]
NOTIC: [8] Undefined variable: set D:\www\Enterprise\Core\Lib\Core\Db.class.php 第 283 行.
NOTIC: [2] implode(): Invalid arguments passed D:\www\Enterprise\Core\Lib\Core\Db.class.php 第 283 行.
SQL: UPDATE `cd_shop` SET  WHERE ( id=0 ) [ RunTime:0.000000s ]
ERR: You have an error in your SQL syntax; check the manual that corresponds to your MySQL server version for the right syntax to use near 'WHERE ( id=0 )' at line 1
 [ SQL语句 ] : UPDATE `cd_shop` SET  WHERE ( id=0 )

[ 2013-07-23T15:04:26+08:00 ] 192.168.1.112 /product.php/Cookie/showcookie
INFO: [ app_begin ] --START--
INFO: Run ReadHtmlCache Behavior [ RunTime:0.000000s ]
INFO: [ app_begin ] --END-- [ RunTime:0.000000s ]
SQL: SHOW COLUMNS FROM `cd_shop` [ RunTime:0.005000s ]
NOTIC: [8] Undefined index: cookie D:\www\Enterprise\Product\Lib\Action\CookieAction.class.php 第 27 行.
NOTIC: [2] Invalid argument supplied for foreach() D:\www\Enterprise\Product\Lib\Action\CookieAction.class.php 第 27 行.
SQL: select * from cd_shop where  limit 10 [ RunTime:0.000000s ]
ERR: You have an error in your SQL syntax; check the manual that corresponds to your MySQL server version for the right syntax to use near 'limit 10' at line 1
 [ SQL语句 ] : select * from cd_shop where  limit 10

[ 2013-07-23T15:09:50+08:00 ] 192.168.1.108 /product.php/Cookie?id=%24%7Bshop.id%7D
INFO: [ app_begin ] --START--
INFO: Run ReadHtmlCache Behavior [ RunTime:0.001000s ]
INFO: [ app_begin ] --END-- [ RunTime:0.001000s ]
SQL: SHOW COLUMNS FROM `cd_shop` [ RunTime:0.003000s ]
SQL: SELECT * FROM `cd_shop` WHERE ( id=0 ) LIMIT 1   [ RunTime:0.001000s ]
NOTIC: [8] Undefined variable: set D:\www\Enterprise\Core\Lib\Core\Db.class.php 第 283 行.
NOTIC: [2] implode(): Invalid arguments passed D:\www\Enterprise\Core\Lib\Core\Db.class.php 第 283 行.
SQL: UPDATE `cd_shop` SET  WHERE ( id=0 ) [ RunTime:0.000000s ]
ERR: You have an error in your SQL syntax; check the manual that corresponds to your MySQL server version for the right syntax to use near 'WHERE ( id=0 )' at line 1
 [ SQL语句 ] : UPDATE `cd_shop` SET  WHERE ( id=0 )

[ 2013-07-23T15:09:51+08:00 ] 192.168.1.108 /product.php/Cookie/showcookie
INFO: [ app_begin ] --START--
INFO: Run ReadHtmlCache Behavior [ RunTime:0.000000s ]
INFO: [ app_begin ] --END-- [ RunTime:0.000000s ]
SQL: SHOW COLUMNS FROM `cd_shop` [ RunTime:0.006001s ]
SQL: select * from cd_shop where  id=2  id=${shop.id}  limit 10 [ RunTime:0.000000s ]
ERR: You have an error in your SQL syntax; check the manual that corresponds to your MySQL server version for the right syntax to use near 'id=${shop.id}  limit 10' at line 1
 [ SQL语句 ] : select * from cd_shop where  id=2  id=${shop.id}  limit 10

[ 2013-07-23T15:13:49+08:00 ] 192.168.1.108 /product.php/Cookie?id=%24%7Bshop.id%7D
INFO: [ app_begin ] --START--
INFO: Run ReadHtmlCache Behavior [ RunTime:0.001000s ]
INFO: [ app_begin ] --END-- [ RunTime:0.001000s ]
SQL: SHOW COLUMNS FROM `cd_shop` [ RunTime:0.002000s ]
SQL: SELECT * FROM `cd_shop` WHERE ( id=0 ) LIMIT 1   [ RunTime:0.000000s ]
NOTIC: [8] Undefined variable: set D:\www\Enterprise\Core\Lib\Core\Db.class.php 第 283 行.
NOTIC: [2] implode(): Invalid arguments passed D:\www\Enterprise\Core\Lib\Core\Db.class.php 第 283 行.
SQL: UPDATE `cd_shop` SET  WHERE ( id=0 ) [ RunTime:0.000000s ]
ERR: You have an error in your SQL syntax; check the manual that corresponds to your MySQL server version for the right syntax to use near 'WHERE ( id=0 )' at line 1
 [ SQL语句 ] : UPDATE `cd_shop` SET  WHERE ( id=0 )

[ 2013-07-23T15:13:50+08:00 ] 192.168.1.108 /product.php/Cookie/showcookie
INFO: [ app_begin ] --START--
INFO: Run ReadHtmlCache Behavior [ RunTime:0.001000s ]
INFO: [ app_begin ] --END-- [ RunTime:0.001000s ]
SQL: SHOW COLUMNS FROM `cd_shop` [ RunTime:0.006000s ]
SQL: SELECT * FROM `cd_shop` WHERE ( id=2 ) LIMIT 1   [ RunTime:0.001000s ]
SQL: SELECT * FROM `cd_shop` WHERE ( id=0 ) LIMIT 1   [ RunTime:0.000000s ]

[ 2013-07-23T15:14:12+08:00 ] 192.168.1.108 /product.php/Cookie?id=%24%7Bshop.id%7D
INFO: [ app_begin ] --START--
INFO: Run ReadHtmlCache Behavior [ RunTime:0.001000s ]
INFO: [ app_begin ] --END-- [ RunTime:0.001000s ]
SQL: SHOW COLUMNS FROM `cd_shop` [ RunTime:0.005001s ]
SQL: SELECT * FROM `cd_shop` WHERE ( id=0 ) LIMIT 1   [ RunTime:0.011000s ]
NOTIC: [8] Undefined variable: set D:\www\Enterprise\Core\Lib\Core\Db.class.php 第 283 行.
NOTIC: [2] implode(): Invalid arguments passed D:\www\Enterprise\Core\Lib\Core\Db.class.php 第 283 行.
SQL: UPDATE `cd_shop` SET  WHERE ( id=0 ) [ RunTime:0.001000s ]
ERR: You have an error in your SQL syntax; check the manual that corresponds to your MySQL server version for the right syntax to use near 'WHERE ( id=0 )' at line 1
 [ SQL语句 ] : UPDATE `cd_shop` SET  WHERE ( id=0 )

[ 2013-07-23T15:14:13+08:00 ] 192.168.1.108 /product.php/Cookie/showcookie
INFO: [ app_begin ] --START--
INFO: Run ReadHtmlCache Behavior [ RunTime:0.000000s ]
INFO: [ app_begin ] --END-- [ RunTime:0.000000s ]
SQL: SHOW COLUMNS FROM `cd_shop` [ RunTime:0.005000s ]
SQL: SELECT * FROM `cd_shop` WHERE ( id=2 ) LIMIT 1   [ RunTime:0.001000s ]
SQL: SELECT * FROM `cd_shop` WHERE ( id=0 ) LIMIT 1   [ RunTime:0.000000s ]

[ 2013-07-23T15:14:20+08:00 ] 192.168.1.108 /product.php/Cookie?id=%24%7Bshop.id%7D
INFO: [ app_begin ] --START--
INFO: Run ReadHtmlCache Behavior [ RunTime:0.000000s ]
INFO: [ app_begin ] --END-- [ RunTime:0.000000s ]
SQL: SHOW COLUMNS FROM `cd_shop` [ RunTime:0.006000s ]
SQL: SELECT * FROM `cd_shop` WHERE ( id=0 ) LIMIT 1   [ RunTime:0.000000s ]
NOTIC: [8] Undefined variable: set D:\www\Enterprise\Core\Lib\Core\Db.class.php 第 283 行.
NOTIC: [2] implode(): Invalid arguments passed D:\www\Enterprise\Core\Lib\Core\Db.class.php 第 283 行.
SQL: UPDATE `cd_shop` SET  WHERE ( id=0 ) [ RunTime:0.005000s ]
ERR: You have an error in your SQL syntax; check the manual that corresponds to your MySQL server version for the right syntax to use near 'WHERE ( id=0 )' at line 1
 [ SQL语句 ] : UPDATE `cd_shop` SET  WHERE ( id=0 )

[ 2013-07-23T15:14:21+08:00 ] 192.168.1.108 /product.php/Cookie/showcookie
INFO: [ app_begin ] --START--
INFO: Run ReadHtmlCache Behavior [ RunTime:0.001000s ]
INFO: [ app_begin ] --END-- [ RunTime:0.001000s ]
SQL: SHOW COLUMNS FROM `cd_shop` [ RunTime:0.003000s ]
SQL: SELECT * FROM `cd_shop` WHERE ( id=2 ) LIMIT 1   [ RunTime:0.000000s ]
SQL: SELECT * FROM `cd_shop` WHERE ( id=0 ) LIMIT 1   [ RunTime:0.000000s ]

[ 2013-07-23T15:15:27+08:00 ] 192.168.1.108 /product.php/Cookie?id=%24%7Bshop.id%7D
INFO: [ app_begin ] --START--
INFO: Run ReadHtmlCache Behavior [ RunTime:0.000000s ]
INFO: [ app_begin ] --END-- [ RunTime:0.001000s ]
SQL: SHOW COLUMNS FROM `cd_shop` [ RunTime:0.005001s ]
SQL: SELECT * FROM `cd_shop` WHERE ( id=0 ) LIMIT 1   [ RunTime:0.001000s ]
NOTIC: [8] Undefined variable: set D:\www\Enterprise\Core\Lib\Core\Db.class.php 第 283 行.
NOTIC: [2] implode(): Invalid arguments passed D:\www\Enterprise\Core\Lib\Core\Db.class.php 第 283 行.
SQL: UPDATE `cd_shop` SET  WHERE ( id=0 ) [ RunTime:0.000000s ]
ERR: You have an error in your SQL syntax; check the manual that corresponds to your MySQL server version for the right syntax to use near 'WHERE ( id=0 )' at line 1
 [ SQL语句 ] : UPDATE `cd_shop` SET  WHERE ( id=0 )

[ 2013-07-23T15:15:28+08:00 ] 192.168.1.108 /product.php/Cookie/showcookie
INFO: [ app_begin ] --START--
INFO: Run ReadHtmlCache Behavior [ RunTime:0.001000s ]
INFO: [ app_begin ] --END-- [ RunTime:0.001000s ]
SQL: SHOW COLUMNS FROM `cd_shop` [ RunTime:0.004001s ]
SQL: SELECT * FROM `cd_shop` WHERE ( id=2 ) LIMIT 1   [ RunTime:0.001000s ]
SQL: SELECT * FROM `cd_shop` WHERE ( id=0 ) LIMIT 1   [ RunTime:0.000000s ]

[ 2013-07-23T15:15:35+08:00 ] 192.168.1.108 /product.php/Cookie?id=%24%7Bshop.id%7D
INFO: [ app_begin ] --START--
INFO: Run ReadHtmlCache Behavior [ RunTime:0.000000s ]
INFO: [ app_begin ] --END-- [ RunTime:0.000000s ]
SQL: SHOW COLUMNS FROM `cd_shop` [ RunTime:0.007000s ]
SQL: SELECT * FROM `cd_shop` WHERE ( id=0 ) LIMIT 1   [ RunTime:0.001000s ]
NOTIC: [8] Undefined variable: set D:\www\Enterprise\Core\Lib\Core\Db.class.php 第 283 行.
NOTIC: [2] implode(): Invalid arguments passed D:\www\Enterprise\Core\Lib\Core\Db.class.php 第 283 行.
SQL: UPDATE `cd_shop` SET  WHERE ( id=0 ) [ RunTime:0.000000s ]
ERR: You have an error in your SQL syntax; check the manual that corresponds to your MySQL server version for the right syntax to use near 'WHERE ( id=0 )' at line 1
 [ SQL语句 ] : UPDATE `cd_shop` SET  WHERE ( id=0 )

[ 2013-07-23T15:15:36+08:00 ] 192.168.1.108 /product.php/Cookie/showcookie
INFO: [ app_begin ] --START--
INFO: Run ReadHtmlCache Behavior [ RunTime:0.000000s ]
INFO: [ app_begin ] --END-- [ RunTime:0.001000s ]
SQL: SHOW COLUMNS FROM `cd_shop` [ RunTime:0.005000s ]
SQL: SELECT * FROM `cd_shop` WHERE ( id=2 ) LIMIT 1   [ RunTime:0.001000s ]
SQL: SELECT * FROM `cd_shop` WHERE ( id=0 ) LIMIT 1   [ RunTime:0.000000s ]

[ 2013-07-23T15:15:51+08:00 ] 192.168.1.108 /product.php/Cookie?id=%24%7Bshop.id%7D
INFO: [ app_begin ] --START--
INFO: Run ReadHtmlCache Behavior [ RunTime:0.000000s ]
INFO: [ app_begin ] --END-- [ RunTime:0.000000s ]
SQL: SHOW COLUMNS FROM `cd_shop` [ RunTime:0.007000s ]
SQL: SELECT * FROM `cd_shop` WHERE ( id=0 ) LIMIT 1   [ RunTime:0.002001s ]
NOTIC: [8] Undefined variable: set D:\www\Enterprise\Core\Lib\Core\Db.class.php 第 283 行.
NOTIC: [2] implode(): Invalid arguments passed D:\www\Enterprise\Core\Lib\Core\Db.class.php 第 283 行.
SQL: UPDATE `cd_shop` SET  WHERE ( id=0 ) [ RunTime:0.000000s ]
ERR: You have an error in your SQL syntax; check the manual that corresponds to your MySQL server version for the right syntax to use near 'WHERE ( id=0 )' at line 1
 [ SQL语句 ] : UPDATE `cd_shop` SET  WHERE ( id=0 )

[ 2013-07-23T15:15:53+08:00 ] 192.168.1.108 /product.php/Cookie/showcookie
INFO: [ app_begin ] --START--
INFO: Run ReadHtmlCache Behavior [ RunTime:0.001000s ]
INFO: [ app_begin ] --END-- [ RunTime:0.001000s ]
SQL: SHOW COLUMNS FROM `cd_shop` [ RunTime:0.002000s ]
SQL: SELECT * FROM `cd_shop` WHERE ( id=2 ) LIMIT 1   [ RunTime:0.000000s ]
SQL: SELECT * FROM `cd_shop` WHERE ( id=0 ) LIMIT 1   [ RunTime:0.000000s ]

[ 2013-07-23T15:15:56+08:00 ] 192.168.1.108 /product.php/Cookie?id=%24%7Bshop.id%7D
INFO: [ app_begin ] --START--
INFO: Run ReadHtmlCache Behavior [ RunTime:0.001000s ]
INFO: [ app_begin ] --END-- [ RunTime:0.001000s ]
SQL: SHOW COLUMNS FROM `cd_shop` [ RunTime:0.003000s ]
SQL: SELECT * FROM `cd_shop` WHERE ( id=0 ) LIMIT 1   [ RunTime:0.000000s ]
NOTIC: [8] Undefined variable: set D:\www\Enterprise\Core\Lib\Core\Db.class.php 第 283 行.
NOTIC: [2] implode(): Invalid arguments passed D:\www\Enterprise\Core\Lib\Core\Db.class.php 第 283 行.
SQL: UPDATE `cd_shop` SET  WHERE ( id=0 ) [ RunTime:0.000000s ]
ERR: You have an error in your SQL syntax; check the manual that corresponds to your MySQL server version for the right syntax to use near 'WHERE ( id=0 )' at line 1
 [ SQL语句 ] : UPDATE `cd_shop` SET  WHERE ( id=0 )

[ 2013-07-23T15:15:57+08:00 ] 192.168.1.108 /product.php/Cookie/showcookie
INFO: [ app_begin ] --START--
INFO: Run ReadHtmlCache Behavior [ RunTime:0.001000s ]
INFO: [ app_begin ] --END-- [ RunTime:0.001000s ]
SQL: SHOW COLUMNS FROM `cd_shop` [ RunTime:0.006000s ]
SQL: SELECT * FROM `cd_shop` WHERE ( id=2 ) LIMIT 1   [ RunTime:0.001001s ]
SQL: SELECT * FROM `cd_shop` WHERE ( id=0 ) LIMIT 1   [ RunTime:0.001000s ]

[ 2013-07-23T15:23:53+08:00 ] 192.168.1.108 /product.php/Cookie?id=%7B%24shop.id%7D
INFO: [ app_begin ] --START--
INFO: Run ReadHtmlCache Behavior [ RunTime:0.000000s ]
INFO: [ app_begin ] --END-- [ RunTime:0.000000s ]
SQL: SHOW COLUMNS FROM `cd_shop` [ RunTime:0.004000s ]
SQL: SELECT * FROM `cd_shop` WHERE ( id=0 ) LIMIT 1   [ RunTime:0.001000s ]
NOTIC: [8] Undefined variable: set D:\www\Enterprise\Core\Lib\Core\Db.class.php 第 283 行.
NOTIC: [2] implode(): Invalid arguments passed D:\www\Enterprise\Core\Lib\Core\Db.class.php 第 283 行.
SQL: UPDATE `cd_shop` SET  WHERE ( id=0 ) [ RunTime:0.000000s ]
ERR: You have an error in your SQL syntax; check the manual that corresponds to your MySQL server version for the right syntax to use near 'WHERE ( id=0 )' at line 1
 [ SQL语句 ] : UPDATE `cd_shop` SET  WHERE ( id=0 )

[ 2013-07-23T15:23:54+08:00 ] 192.168.1.108 /product.php/Cookie/showcookie
INFO: [ app_begin ] --START--
INFO: Run ReadHtmlCache Behavior [ RunTime:0.001000s ]
INFO: [ app_begin ] --END-- [ RunTime:0.001000s ]
SQL: SHOW COLUMNS FROM `cd_shop` [ RunTime:0.002000s ]
NOTIC: [8] Undefined index: cookie D:\www\Enterprise\Product\Lib\Action\CookieAction.class.php 第 27 行.
NOTIC: [2] Invalid argument supplied for foreach() D:\www\Enterprise\Product\Lib\Action\CookieAction.class.php 第 27 行.

[ 2013-07-23T15:24:08+08:00 ] 192.168.1.108 /product.php/Cookie?id=%7B%24shop.id%7D
INFO: [ app_begin ] --START--
INFO: Run ReadHtmlCache Behavior [ RunTime:0.000000s ]
INFO: [ app_begin ] --END-- [ RunTime:0.000000s ]
SQL: SHOW COLUMNS FROM `cd_shop` [ RunTime:0.002000s ]
SQL: SELECT * FROM `cd_shop` WHERE ( id=0 ) LIMIT 1   [ RunTime:0.000000s ]
NOTIC: [8] Undefined variable: set D:\www\Enterprise\Core\Lib\Core\Db.class.php 第 283 行.
NOTIC: [2] implode(): Invalid arguments passed D:\www\Enterprise\Core\Lib\Core\Db.class.php 第 283 行.
SQL: UPDATE `cd_shop` SET  WHERE ( id=0 ) [ RunTime:0.000000s ]
ERR: You have an error in your SQL syntax; check the manual that corresponds to your MySQL server version for the right syntax to use near 'WHERE ( id=0 )' at line 1
 [ SQL语句 ] : UPDATE `cd_shop` SET  WHERE ( id=0 )

[ 2013-07-23T15:24:09+08:00 ] 192.168.1.108 /product.php/Cookie/showcookie
INFO: [ app_begin ] --START--
INFO: Run ReadHtmlCache Behavior [ RunTime:0.000000s ]
INFO: [ app_begin ] --END-- [ RunTime:0.000000s ]
SQL: SHOW COLUMNS FROM `cd_shop` [ RunTime:0.005001s ]
SQL: SELECT * FROM `cd_shop` WHERE ( id=0 ) LIMIT 1   [ RunTime:0.001000s ]

[ 2013-07-23T15:24:11+08:00 ] 192.168.1.108 /product.php/Cookie?id=%7B%24shop.id%7D
INFO: [ app_begin ] --START--
INFO: Run ReadHtmlCache Behavior [ RunTime:0.000000s ]
INFO: [ app_begin ] --END-- [ RunTime:0.000000s ]
SQL: SHOW COLUMNS FROM `cd_shop` [ RunTime:0.002000s ]
SQL: SELECT * FROM `cd_shop` WHERE ( id=0 ) LIMIT 1   [ RunTime:0.000000s ]
NOTIC: [8] Undefined variable: set D:\www\Enterprise\Core\Lib\Core\Db.class.php 第 283 行.
NOTIC: [2] implode(): Invalid arguments passed D:\www\Enterprise\Core\Lib\Core\Db.class.php 第 283 行.
SQL: UPDATE `cd_shop` SET  WHERE ( id=0 ) [ RunTime:0.000000s ]
ERR: You have an error in your SQL syntax; check the manual that corresponds to your MySQL server version for the right syntax to use near 'WHERE ( id=0 )' at line 1
 [ SQL语句 ] : UPDATE `cd_shop` SET  WHERE ( id=0 )

[ 2013-07-23T15:24:12+08:00 ] 192.168.1.108 /product.php/Cookie/showcookie
INFO: [ app_begin ] --START--
INFO: Run ReadHtmlCache Behavior [ RunTime:0.000000s ]
INFO: [ app_begin ] --END-- [ RunTime:0.000000s ]
SQL: SHOW COLUMNS FROM `cd_shop` [ RunTime:0.006000s ]
SQL: SELECT * FROM `cd_shop` WHERE ( id=0 ) LIMIT 1   [ RunTime:0.001000s ]

[ 2013-07-23T15:24:31+08:00 ] 192.168.1.108 /product.php/Cookie?id=%7B%24shop.id%7D
INFO: [ app_begin ] --START--
INFO: Run ReadHtmlCache Behavior [ RunTime:0.000000s ]
INFO: [ app_begin ] --END-- [ RunTime:0.000000s ]
SQL: SHOW COLUMNS FROM `cd_shop` [ RunTime:0.001000s ]
SQL: SELECT * FROM `cd_shop` WHERE ( id=0 ) LIMIT 1   [ RunTime:0.000000s ]
NOTIC: [8] Undefined variable: set D:\www\Enterprise\Core\Lib\Core\Db.class.php 第 283 行.
NOTIC: [2] implode(): Invalid arguments passed D:\www\Enterprise\Core\Lib\Core\Db.class.php 第 283 行.
SQL: UPDATE `cd_shop` SET  WHERE ( id=0 ) [ RunTime:0.000000s ]
ERR: You have an error in your SQL syntax; check the manual that corresponds to your MySQL server version for the right syntax to use near 'WHERE ( id=0 )' at line 1
 [ SQL语句 ] : UPDATE `cd_shop` SET  WHERE ( id=0 )

[ 2013-07-23T15:24:32+08:00 ] 192.168.1.108 /product.php/Cookie/showcookie
INFO: [ app_begin ] --START--
INFO: Run ReadHtmlCache Behavior [ RunTime:0.000000s ]
INFO: [ app_begin ] --END-- [ RunTime:0.000000s ]
SQL: SHOW COLUMNS FROM `cd_shop` [ RunTime:0.009000s ]
SQL: SELECT * FROM `cd_shop` WHERE ( id=0 ) LIMIT 1   [ RunTime:0.001000s ]

[ 2013-07-23T15:25:53+08:00 ] 192.168.1.108 /product.php/Cookie?id=%7B%24shop.id%7D
INFO: [ app_begin ] --START--
INFO: Run ReadHtmlCache Behavior [ RunTime:0.000000s ]
INFO: [ app_begin ] --END-- [ RunTime:0.000000s ]
SQL: SHOW COLUMNS FROM `cd_shop` [ RunTime:0.007001s ]
SQL: SELECT * FROM `cd_shop` WHERE ( id=0 ) LIMIT 1   [ RunTime:0.001000s ]
NOTIC: [8] Undefined variable: set D:\www\Enterprise\Core\Lib\Core\Db.class.php 第 283 行.
NOTIC: [2] implode(): Invalid arguments passed D:\www\Enterprise\Core\Lib\Core\Db.class.php 第 283 行.
SQL: UPDATE `cd_shop` SET  WHERE ( id=0 ) [ RunTime:0.000000s ]
ERR: You have an error in your SQL syntax; check the manual that corresponds to your MySQL server version for the right syntax to use near 'WHERE ( id=0 )' at line 1
 [ SQL语句 ] : UPDATE `cd_shop` SET  WHERE ( id=0 )

[ 2013-07-23T15:25:54+08:00 ] 192.168.1.108 /product.php/Cookie/showcookie
INFO: [ app_begin ] --START--
INFO: Run ReadHtmlCache Behavior [ RunTime:0.001000s ]
INFO: [ app_begin ] --END-- [ RunTime:0.001000s ]
SQL: SHOW COLUMNS FROM `cd_shop` [ RunTime:0.006001s ]
SQL: SELECT * FROM `cd_shop` WHERE ( id=0 ) LIMIT 1   [ RunTime:0.001000s ]

[ 2013-07-23T15:26:35+08:00 ] 192.168.1.112 /product.php/Cookie?id=%7B%24shop.id%7D
INFO: [ app_begin ] --START--
INFO: Run ReadHtmlCache Behavior [ RunTime:0.002000s ]
INFO: [ app_begin ] --END-- [ RunTime:0.002000s ]
SQL: SHOW COLUMNS FROM `cd_shop` [ RunTime:0.003000s ]
SQL: SELECT * FROM `cd_shop` WHERE ( id=0 ) LIMIT 1   [ RunTime:0.001000s ]
NOTIC: [8] Undefined variable: set D:\www\Enterprise\Core\Lib\Core\Db.class.php 第 283 行.
NOTIC: [2] implode(): Invalid arguments passed D:\www\Enterprise\Core\Lib\Core\Db.class.php 第 283 行.
SQL: UPDATE `cd_shop` SET  WHERE ( id=0 ) [ RunTime:0.000000s ]
ERR: You have an error in your SQL syntax; check the manual that corresponds to your MySQL server version for the right syntax to use near 'WHERE ( id=0 )' at line 1
 [ SQL语句 ] : UPDATE `cd_shop` SET  WHERE ( id=0 )

[ 2013-07-23T15:26:36+08:00 ] 192.168.1.112 /product.php/Cookie/showcookie
INFO: [ app_begin ] --START--
INFO: Run ReadHtmlCache Behavior [ RunTime:0.001000s ]
INFO: [ app_begin ] --END-- [ RunTime:0.002000s ]
SQL: SHOW COLUMNS FROM `cd_shop` [ RunTime:0.003000s ]
NOTIC: [8] Undefined index: cookie D:\www\Enterprise\Product\Lib\Action\CookieAction.class.php 第 27 行.
NOTIC: [2] Invalid argument supplied for foreach() D:\www\Enterprise\Product\Lib\Action\CookieAction.class.php 第 27 行.

[ 2013-07-23T15:26:56+08:00 ] 192.168.1.112 /product.php/Cookie?id=%7B%24shop.id%7D
INFO: [ app_begin ] --START--
INFO: Run ReadHtmlCache Behavior [ RunTime:0.001000s ]
INFO: [ app_begin ] --END-- [ RunTime:0.001000s ]
SQL: SHOW COLUMNS FROM `cd_shop` [ RunTime:0.006001s ]
SQL: SELECT * FROM `cd_shop` WHERE ( id=0 ) LIMIT 1   [ RunTime:0.000000s ]
NOTIC: [8] Undefined variable: set D:\www\Enterprise\Core\Lib\Core\Db.class.php 第 283 行.
NOTIC: [2] implode(): Invalid arguments passed D:\www\Enterprise\Core\Lib\Core\Db.class.php 第 283 行.
SQL: UPDATE `cd_shop` SET  WHERE ( id=0 ) [ RunTime:0.000000s ]
ERR: You have an error in your SQL syntax; check the manual that corresponds to your MySQL server version for the right syntax to use near 'WHERE ( id=0 )' at line 1
 [ SQL语句 ] : UPDATE `cd_shop` SET  WHERE ( id=0 )

[ 2013-07-23T15:26:57+08:00 ] 192.168.1.112 /product.php/Cookie/showcookie
INFO: [ app_begin ] --START--
INFO: Run ReadHtmlCache Behavior [ RunTime:0.001000s ]
INFO: [ app_begin ] --END-- [ RunTime:0.001000s ]
SQL: SHOW COLUMNS FROM `cd_shop` [ RunTime:0.006001s ]
SQL: SELECT * FROM `cd_shop` WHERE ( id=0 ) LIMIT 1   [ RunTime:0.000000s ]

[ 2013-07-23T15:30:46+08:00 ] 192.168.1.108 /product.php/Cookie?id=1
INFO: [ app_begin ] --START--
INFO: Run ReadHtmlCache Behavior [ RunTime:0.000000s ]
INFO: [ app_begin ] --END-- [ RunTime:0.000000s ]
SQL: SHOW COLUMNS FROM `cd_shop` [ RunTime:0.003001s ]
SQL: SELECT * FROM `cd_shop` WHERE ( id=1 ) LIMIT 1   [ RunTime:0.001000s ]
NOTIC: [8] Undefined index: check D:\www\Enterprise\Product\Lib\Action\CookieAction.class.php 第 20 行.
NOTIC: [8] Undefined variable: set D:\www\Enterprise\Core\Lib\Core\Db.class.php 第 283 行.
NOTIC: [2] implode(): Invalid arguments passed D:\www\Enterprise\Core\Lib\Core\Db.class.php 第 283 行.
SQL: UPDATE `cd_shop` SET  WHERE ( id=1 ) [ RunTime:0.000000s ]
ERR: You have an error in your SQL syntax; check the manual that corresponds to your MySQL server version for the right syntax to use near 'WHERE ( id=1 )' at line 1
 [ SQL语句 ] : UPDATE `cd_shop` SET  WHERE ( id=1 )

[ 2013-07-23T15:30:47+08:00 ] 192.168.1.108 /product.php/Cookie/showcookie
INFO: [ app_begin ] --START--
INFO: Run ReadHtmlCache Behavior [ RunTime:0.000000s ]
INFO: [ app_begin ] --END-- [ RunTime:0.000000s ]
SQL: SHOW COLUMNS FROM `cd_shop` [ RunTime:0.003000s ]
SQL: SELECT * FROM `cd_shop` WHERE ( id=0 ) LIMIT 1   [ RunTime:0.001000s ]

[ 2013-07-23T15:38:19+08:00 ] 192.168.1.108 /product.php/Cookie?id=1
INFO: [ app_begin ] --START--
INFO: Run ReadHtmlCache Behavior [ RunTime:0.001000s ]
INFO: [ app_begin ] --END-- [ RunTime:0.001000s ]
SQL: SHOW COLUMNS FROM `cd_shop` [ RunTime:0.006000s ]
SQL: SELECT * FROM `cd_shop` WHERE ( id=1 ) LIMIT 1   [ RunTime:0.001000s ]
NOTIC: [8] Undefined index: check D:\www\Enterprise\Product\Lib\Action\CookieAction.class.php 第 20 行.
NOTIC: [8] Undefined variable: set D:\www\Enterprise\Core\Lib\Core\Db.class.php 第 283 行.
NOTIC: [2] implode(): Invalid arguments passed D:\www\Enterprise\Core\Lib\Core\Db.class.php 第 283 行.
SQL: UPDATE `cd_shop` SET  WHERE ( id=1 ) [ RunTime:0.000000s ]
ERR: You have an error in your SQL syntax; check the manual that corresponds to your MySQL server version for the right syntax to use near 'WHERE ( id=1 )' at line 1
 [ SQL语句 ] : UPDATE `cd_shop` SET  WHERE ( id=1 )

[ 2013-07-23T15:38:20+08:00 ] 192.168.1.108 /product.php/Cookie/showcookie
INFO: [ app_begin ] --START--
INFO: Run ReadHtmlCache Behavior [ RunTime:0.001000s ]
INFO: [ app_begin ] --END-- [ RunTime:0.001000s ]
SQL: SHOW COLUMNS FROM `cd_shop` [ RunTime:0.003000s ]
SQL: SELECT * FROM `cd_shop` WHERE ( id=0 ) LIMIT 1   [ RunTime:0.034002s ]
SQL: SELECT * FROM `cd_shop` WHERE ( id=1 ) LIMIT 1   [ RunTime:0.000000s ]

[ 2013-07-23T15:40:34+08:00 ] 192.168.1.108 /product.php/Cookie?id=2
INFO: [ app_begin ] --START--
INFO: Run ReadHtmlCache Behavior [ RunTime:0.000000s ]
INFO: [ app_begin ] --END-- [ RunTime:0.000000s ]
SQL: SHOW COLUMNS FROM `cd_shop` [ RunTime:0.009001s ]
SQL: SELECT * FROM `cd_shop` WHERE ( id=2 ) LIMIT 1   [ RunTime:0.001000s ]
NOTIC: [8] Undefined index: check D:\www\Enterprise\Product\Lib\Action\CookieAction.class.php 第 20 行.
NOTIC: [8] Undefined variable: set D:\www\Enterprise\Core\Lib\Core\Db.class.php 第 283 行.
NOTIC: [2] implode(): Invalid arguments passed D:\www\Enterprise\Core\Lib\Core\Db.class.php 第 283 行.
SQL: UPDATE `cd_shop` SET  WHERE ( id=2 ) [ RunTime:0.001000s ]
ERR: You have an error in your SQL syntax; check the manual that corresponds to your MySQL server version for the right syntax to use near 'WHERE ( id=2 )' at line 1
 [ SQL语句 ] : UPDATE `cd_shop` SET  WHERE ( id=2 )

[ 2013-07-23T15:40:35+08:00 ] 192.168.1.108 /product.php/Cookie/showcookie
INFO: [ app_begin ] --START--
INFO: Run ReadHtmlCache Behavior [ RunTime:0.000000s ]
INFO: [ app_begin ] --END-- [ RunTime:0.000000s ]
SQL: SHOW COLUMNS FROM `cd_shop` [ RunTime:0.005001s ]
SQL: SELECT * FROM `cd_shop` WHERE ( id=0 ) LIMIT 1   [ RunTime:0.000000s ]
SQL: SELECT * FROM `cd_shop` WHERE ( id=1 ) LIMIT 1   [ RunTime:0.000000s ]

[ 2013-07-23T15:40:38+08:00 ] 192.168.1.108 /product.php/Cookie?id=2
INFO: [ app_begin ] --START--
INFO: Run ReadHtmlCache Behavior [ RunTime:0.001000s ]
INFO: [ app_begin ] --END-- [ RunTime:0.001000s ]
SQL: SHOW COLUMNS FROM `cd_shop` [ RunTime:0.003000s ]
SQL: SELECT * FROM `cd_shop` WHERE ( id=2 ) LIMIT 1   [ RunTime:0.001000s ]
NOTIC: [8] Undefined index: check D:\www\Enterprise\Product\Lib\Action\CookieAction.class.php 第 20 行.
NOTIC: [8] Undefined variable: set D:\www\Enterprise\Core\Lib\Core\Db.class.php 第 283 行.
NOTIC: [2] implode(): Invalid arguments passed D:\www\Enterprise\Core\Lib\Core\Db.class.php 第 283 行.
SQL: UPDATE `cd_shop` SET  WHERE ( id=2 ) [ RunTime:0.000000s ]
ERR: You have an error in your SQL syntax; check the manual that corresponds to your MySQL server version for the right syntax to use near 'WHERE ( id=2 )' at line 1
 [ SQL语句 ] : UPDATE `cd_shop` SET  WHERE ( id=2 )

[ 2013-07-23T15:40:40+08:00 ] 192.168.1.108 /product.php/Cookie/showcookie
INFO: [ app_begin ] --START--
INFO: Run ReadHtmlCache Behavior [ RunTime:0.001000s ]
INFO: [ app_begin ] --END-- [ RunTime:0.001000s ]
SQL: SHOW COLUMNS FROM `cd_shop` [ RunTime:0.003000s ]
SQL: SELECT * FROM `cd_shop` WHERE ( id=0 ) LIMIT 1   [ RunTime:0.004000s ]
SQL: SELECT * FROM `cd_shop` WHERE ( id=1 ) LIMIT 1   [ RunTime:0.001000s ]
SQL: SELECT * FROM `cd_shop` WHERE ( id=2 ) LIMIT 1   [ RunTime:0.000000s ]

[ 2013-07-23T15:40:44+08:00 ] 192.168.1.108 /product.php/Cookie?id=2
INFO: [ app_begin ] --START--
INFO: Run ReadHtmlCache Behavior [ RunTime:0.000000s ]
INFO: [ app_begin ] --END-- [ RunTime:0.000000s ]
SQL: SHOW COLUMNS FROM `cd_shop` [ RunTime:0.006001s ]
SQL: SELECT * FROM `cd_shop` WHERE ( id=2 ) LIMIT 1   [ RunTime:0.001000s ]
NOTIC: [8] Undefined index: check D:\www\Enterprise\Product\Lib\Action\CookieAction.class.php 第 20 行.
NOTIC: [8] Undefined variable: set D:\www\Enterprise\Core\Lib\Core\Db.class.php 第 283 行.
NOTIC: [2] implode(): Invalid arguments passed D:\www\Enterprise\Core\Lib\Core\Db.class.php 第 283 行.
SQL: UPDATE `cd_shop` SET  WHERE ( id=2 ) [ RunTime:0.001000s ]
ERR: You have an error in your SQL syntax; check the manual that corresponds to your MySQL server version for the right syntax to use near 'WHERE ( id=2 )' at line 1
 [ SQL语句 ] : UPDATE `cd_shop` SET  WHERE ( id=2 )

[ 2013-07-23T15:40:45+08:00 ] 192.168.1.108 /product.php/Cookie/showcookie
INFO: [ app_begin ] --START--
INFO: Run ReadHtmlCache Behavior [ RunTime:0.001000s ]
INFO: [ app_begin ] --END-- [ RunTime:0.001000s ]
SQL: SHOW COLUMNS FROM `cd_shop` [ RunTime:0.006001s ]
SQL: SELECT * FROM `cd_shop` WHERE ( id=0 ) LIMIT 1   [ RunTime:0.001000s ]
SQL: SELECT * FROM `cd_shop` WHERE ( id=1 ) LIMIT 1   [ RunTime:0.001000s ]
SQL: SELECT * FROM `cd_shop` WHERE ( id=2 ) LIMIT 1   [ RunTime:0.001000s ]

[ 2013-07-23T15:41:17+08:00 ] 192.168.1.112 /product.php/Cookie?id=2
INFO: [ app_begin ] --START--
INFO: Run ReadHtmlCache Behavior [ RunTime:0.001000s ]
INFO: [ app_begin ] --END-- [ RunTime:0.002000s ]
SQL: SHOW COLUMNS FROM `cd_shop` [ RunTime:0.006000s ]
SQL: SELECT * FROM `cd_shop` WHERE ( id=2 ) LIMIT 1   [ RunTime:0.001000s ]
NOTIC: [8] Undefined index: check D:\www\Enterprise\Product\Lib\Action\CookieAction.class.php 第 20 行.
NOTIC: [8] Undefined variable: set D:\www\Enterprise\Core\Lib\Core\Db.class.php 第 283 行.
NOTIC: [2] implode(): Invalid arguments passed D:\www\Enterprise\Core\Lib\Core\Db.class.php 第 283 行.
SQL: UPDATE `cd_shop` SET  WHERE ( id=2 ) [ RunTime:0.001000s ]
ERR: You have an error in your SQL syntax; check the manual that corresponds to your MySQL server version for the right syntax to use near 'WHERE ( id=2 )' at line 1
 [ SQL语句 ] : UPDATE `cd_shop` SET  WHERE ( id=2 )

[ 2013-07-23T15:41:18+08:00 ] 192.168.1.112 /product.php/Cookie/showcookie
INFO: [ app_begin ] --START--
INFO: Run ReadHtmlCache Behavior [ RunTime:0.001000s ]
INFO: [ app_begin ] --END-- [ RunTime:0.001000s ]
SQL: SHOW COLUMNS FROM `cd_shop` [ RunTime:0.006001s ]
NOTIC: [8] Undefined index: cookie D:\www\Enterprise\Product\Lib\Action\CookieAction.class.php 第 27 行.
NOTIC: [2] Invalid argument supplied for foreach() D:\www\Enterprise\Product\Lib\Action\CookieAction.class.php 第 27 行.

[ 2013-07-23T15:41:31+08:00 ] 192.168.1.112 /product.php/Cookie?id=1
INFO: [ app_begin ] --START--
INFO: Run ReadHtmlCache Behavior [ RunTime:0.001000s ]
INFO: [ app_begin ] --END-- [ RunTime:0.001000s ]
SQL: SHOW COLUMNS FROM `cd_shop` [ RunTime:0.005000s ]
SQL: SELECT * FROM `cd_shop` WHERE ( id=1 ) LIMIT 1   [ RunTime:0.001000s ]
NOTIC: [8] Undefined index: check D:\www\Enterprise\Product\Lib\Action\CookieAction.class.php 第 20 行.
NOTIC: [8] Undefined variable: set D:\www\Enterprise\Core\Lib\Core\Db.class.php 第 283 行.
NOTIC: [2] implode(): Invalid arguments passed D:\www\Enterprise\Core\Lib\Core\Db.class.php 第 283 行.
SQL: UPDATE `cd_shop` SET  WHERE ( id=1 ) [ RunTime:0.000000s ]
ERR: You have an error in your SQL syntax; check the manual that corresponds to your MySQL server version for the right syntax to use near 'WHERE ( id=1 )' at line 1
 [ SQL语句 ] : UPDATE `cd_shop` SET  WHERE ( id=1 )

[ 2013-07-23T15:41:33+08:00 ] 192.168.1.112 /product.php/Cookie/showcookie
INFO: [ app_begin ] --START--
INFO: Run ReadHtmlCache Behavior [ RunTime:0.002000s ]
INFO: [ app_begin ] --END-- [ RunTime:0.002000s ]
SQL: SHOW COLUMNS FROM `cd_shop` [ RunTime:0.005001s ]
SQL: SELECT * FROM `cd_shop` WHERE ( id=2 ) LIMIT 1   [ RunTime:0.001000s ]

[ 2013-07-23T15:41:47+08:00 ] 192.168.1.112 /product.php/Cookie?id=2
INFO: [ app_begin ] --START--
INFO: Run ReadHtmlCache Behavior [ RunTime:0.001000s ]
INFO: [ app_begin ] --END-- [ RunTime:0.001000s ]
SQL: SHOW COLUMNS FROM `cd_shop` [ RunTime:0.005000s ]
SQL: SELECT * FROM `cd_shop` WHERE ( id=2 ) LIMIT 1   [ RunTime:0.001001s ]
NOTIC: [8] Undefined index: check D:\www\Enterprise\Product\Lib\Action\CookieAction.class.php 第 20 行.
NOTIC: [8] Undefined variable: set D:\www\Enterprise\Core\Lib\Core\Db.class.php 第 283 行.
NOTIC: [2] implode(): Invalid arguments passed D:\www\Enterprise\Core\Lib\Core\Db.class.php 第 283 行.
SQL: UPDATE `cd_shop` SET  WHERE ( id=2 ) [ RunTime:0.000000s ]
ERR: You have an error in your SQL syntax; check the manual that corresponds to your MySQL server version for the right syntax to use near 'WHERE ( id=2 )' at line 1
 [ SQL语句 ] : UPDATE `cd_shop` SET  WHERE ( id=2 )

[ 2013-07-23T15:41:48+08:00 ] 192.168.1.112 /product.php/Cookie/showcookie
INFO: [ app_begin ] --START--
INFO: Run ReadHtmlCache Behavior [ RunTime:0.002000s ]
INFO: [ app_begin ] --END-- [ RunTime:0.002000s ]
SQL: SHOW COLUMNS FROM `cd_shop` [ RunTime:0.006000s ]
SQL: SELECT * FROM `cd_shop` WHERE ( id=2 ) LIMIT 1   [ RunTime:0.001000s ]
SQL: SELECT * FROM `cd_shop` WHERE ( id=1 ) LIMIT 1   [ RunTime:0.000000s ]

[ 2013-07-23T15:41:56+08:00 ] 192.168.1.108 /product.php/Cookie?id=2
INFO: [ app_begin ] --START--
INFO: Run ReadHtmlCache Behavior [ RunTime:0.001000s ]
INFO: [ app_begin ] --END-- [ RunTime:0.001000s ]
SQL: SHOW COLUMNS FROM `cd_shop` [ RunTime:0.005000s ]
SQL: SELECT * FROM `cd_shop` WHERE ( id=2 ) LIMIT 1   [ RunTime:0.001000s ]
NOTIC: [8] Undefined index: check D:\www\Enterprise\Product\Lib\Action\CookieAction.class.php 第 20 行.
NOTIC: [8] Undefined variable: set D:\www\Enterprise\Core\Lib\Core\Db.class.php 第 283 行.
NOTIC: [2] implode(): Invalid arguments passed D:\www\Enterprise\Core\Lib\Core\Db.class.php 第 283 行.
SQL: UPDATE `cd_shop` SET  WHERE ( id=2 ) [ RunTime:0.000000s ]
ERR: You have an error in your SQL syntax; check the manual that corresponds to your MySQL server version for the right syntax to use near 'WHERE ( id=2 )' at line 1
 [ SQL语句 ] : UPDATE `cd_shop` SET  WHERE ( id=2 )

[ 2013-07-23T15:41:57+08:00 ] 192.168.1.108 /product.php/Cookie/showcookie
INFO: [ app_begin ] --START--
INFO: Run ReadHtmlCache Behavior [ RunTime:0.001000s ]
INFO: [ app_begin ] --END-- [ RunTime:0.001000s ]
SQL: SHOW COLUMNS FROM `cd_shop` [ RunTime:0.003000s ]
SQL: SELECT * FROM `cd_shop` WHERE ( id=0 ) LIMIT 1   [ RunTime:0.000000s ]
SQL: SELECT * FROM `cd_shop` WHERE ( id=1 ) LIMIT 1   [ RunTime:0.001000s ]
SQL: SELECT * FROM `cd_shop` WHERE ( id=2 ) LIMIT 1   [ RunTime:0.001000s ]

[ 2013-07-23T15:42:05+08:00 ] 192.168.1.112 /product.php/Cookie?id=2
INFO: [ app_begin ] --START--
INFO: Run ReadHtmlCache Behavior [ RunTime:0.001000s ]
INFO: [ app_begin ] --END-- [ RunTime:0.002000s ]
SQL: SHOW COLUMNS FROM `cd_shop` [ RunTime:0.003000s ]
SQL: SELECT * FROM `cd_shop` WHERE ( id=2 ) LIMIT 1   [ RunTime:0.000000s ]
NOTIC: [8] Undefined index: check D:\www\Enterprise\Product\Lib\Action\CookieAction.class.php 第 20 行.
NOTIC: [8] Undefined variable: set D:\www\Enterprise\Core\Lib\Core\Db.class.php 第 283 行.
NOTIC: [2] implode(): Invalid arguments passed D:\www\Enterprise\Core\Lib\Core\Db.class.php 第 283 行.
SQL: UPDATE `cd_shop` SET  WHERE ( id=2 ) [ RunTime:0.000000s ]
ERR: You have an error in your SQL syntax; check the manual that corresponds to your MySQL server version for the right syntax to use near 'WHERE ( id=2 )' at line 1
 [ SQL语句 ] : UPDATE `cd_shop` SET  WHERE ( id=2 )

[ 2013-07-23T15:42:06+08:00 ] 192.168.1.112 /product.php/Cookie/showcookie
INFO: [ app_begin ] --START--
INFO: Run ReadHtmlCache Behavior [ RunTime:0.001000s ]
INFO: [ app_begin ] --END-- [ RunTime:0.001000s ]
SQL: SHOW COLUMNS FROM `cd_shop` [ RunTime:0.005000s ]
SQL: SELECT * FROM `cd_shop` WHERE ( id=1 ) LIMIT 1   [ RunTime:0.000000s ]
SQL: SELECT * FROM `cd_shop` WHERE ( id=2 ) LIMIT 1   [ RunTime:0.000000s ]

[ 2013-07-23T15:52:15+08:00 ] 192.168.1.112 /product.php/Cookie?id=1
INFO: [ app_begin ] --START--
INFO: Run ReadHtmlCache Behavior [ RunTime:0.002000s ]
INFO: [ app_begin ] --END-- [ RunTime:0.002000s ]
SQL: SHOW COLUMNS FROM `cd_shop` [ RunTime:0.005000s ]
SQL: SELECT * FROM `cd_shop` WHERE ( id=1 ) LIMIT 1   [ RunTime:0.001000s ]
NOTIC: [8] Undefined index: check D:\www\Enterprise\Product\Lib\Action\CookieAction.class.php 第 20 行.
NOTIC: [8] Undefined variable: set D:\www\Enterprise\Core\Lib\Core\Db.class.php 第 283 行.
NOTIC: [2] implode(): Invalid arguments passed D:\www\Enterprise\Core\Lib\Core\Db.class.php 第 283 行.
SQL: UPDATE `cd_shop` SET  WHERE ( id=1 ) [ RunTime:0.001001s ]
ERR: You have an error in your SQL syntax; check the manual that corresponds to your MySQL server version for the right syntax to use near 'WHERE ( id=1 )' at line 1
 [ SQL语句 ] : UPDATE `cd_shop` SET  WHERE ( id=1 )

[ 2013-07-23T15:52:16+08:00 ] 192.168.1.112 /product.php/Cookie/showcookie
INFO: [ app_begin ] --START--
INFO: Run ReadHtmlCache Behavior [ RunTime:0.001000s ]
INFO: [ app_begin ] --END-- [ RunTime:0.001000s ]
SQL: SHOW COLUMNS FROM `cd_shop` [ RunTime:0.006000s ]
NOTIC: [8] Undefined index: cookie D:\www\Enterprise\Product\Lib\Action\CookieAction.class.php 第 27 行.
NOTIC: [2] Invalid argument supplied for foreach() D:\www\Enterprise\Product\Lib\Action\CookieAction.class.php 第 27 行.

[ 2013-07-23T16:14:18+08:00 ] 192.168.1.108 /product.php/Cookie?id=1
INFO: [ app_begin ] --START--
INFO: Run ReadHtmlCache Behavior [ RunTime:0.001000s ]
INFO: [ app_begin ] --END-- [ RunTime:0.001000s ]
SQL: SHOW COLUMNS FROM `cd_shop` [ RunTime:0.006000s ]
SQL: SELECT * FROM `cd_shop` WHERE ( id=1 ) LIMIT 1   [ RunTime:0.002000s ]
NOTIC: [8] Undefined index: check D:\www\Enterprise\Product\Lib\Action\CookieAction.class.php 第 20 行.
NOTIC: [8] Undefined variable: set D:\www\Enterprise\Core\Lib\Core\Db.class.php 第 283 行.
NOTIC: [2] implode(): Invalid arguments passed D:\www\Enterprise\Core\Lib\Core\Db.class.php 第 283 行.
SQL: UPDATE `cd_shop` SET  WHERE ( id=1 ) [ RunTime:0.000000s ]
ERR: You have an error in your SQL syntax; check the manual that corresponds to your MySQL server version for the right syntax to use near 'WHERE ( id=1 )' at line 1
 [ SQL语句 ] : UPDATE `cd_shop` SET  WHERE ( id=1 )

[ 2013-07-23T16:14:19+08:00 ] 192.168.1.108 /product.php/Cookie/showcookie
INFO: [ app_begin ] --START--
INFO: Run ReadHtmlCache Behavior [ RunTime:0.001000s ]
INFO: [ app_begin ] --END-- [ RunTime:0.001000s ]
SQL: SHOW COLUMNS FROM `cd_shop` [ RunTime:0.006000s ]
NOTIC: [8] Undefined index: cookie D:\www\Enterprise\Product\Lib\Action\CookieAction.class.php 第 27 行.
NOTIC: [2] Invalid argument supplied for foreach() D:\www\Enterprise\Product\Lib\Action\CookieAction.class.php 第 27 行.

[ 2013-07-23T16:33:11+08:00 ] 192.168.1.108 /product.php/Cookie/showcookie
INFO: [ app_begin ] --START--
INFO: Run ReadHtmlCache Behavior [ RunTime:0.002000s ]
INFO: [ app_begin ] --END-- [ RunTime:0.002000s ]
SQL: SHOW COLUMNS FROM `cd_shop` [ RunTime:0.006001s ]
SQL: SELECT * FROM `cd_shop` WHERE ( id=1 ) LIMIT 1   [ RunTime:0.001000s ]

[ 2013-07-23T16:34:53+08:00 ] 192.168.1.108 /product.php/Cookie/showcookie
INFO: [ app_begin ] --START--
INFO: Run ReadHtmlCache Behavior [ RunTime:0.002000s ]
INFO: [ app_begin ] --END-- [ RunTime:0.002000s ]
SQL: SHOW COLUMNS FROM `cd_shop` [ RunTime:0.006000s ]
SQL: SELECT * FROM `cd_shop` WHERE ( id=1 ) LIMIT 1   [ RunTime:0.001001s ]

[ 2013-07-23T16:44:52+08:00 ] 192.168.1.108 /product.php/Cookie/showcookie
INFO: [ app_begin ] --START--
INFO: Run ReadHtmlCache Behavior [ RunTime:0.001000s ]
INFO: [ app_begin ] --END-- [ RunTime:0.001000s ]
SQL: SHOW COLUMNS FROM `cd_shop` [ RunTime:0.006000s ]
NOTIC: [8] Undefined index: cookie D:\www\Enterprise\Product\Lib\Action\CookieAction.class.php 第 27 行.
NOTIC: [2] Invalid argument supplied for foreach() D:\www\Enterprise\Product\Lib\Action\CookieAction.class.php 第 27 行.

[ 2013-07-23T16:44:53+08:00 ] 192.168.1.108 /product.php/Cookie?id=1
INFO: [ app_begin ] --START--
INFO: Run ReadHtmlCache Behavior [ RunTime:0.000000s ]
INFO: [ app_begin ] --END-- [ RunTime:0.000000s ]
SQL: SHOW COLUMNS FROM `cd_shop` [ RunTime:0.005000s ]
SQL: SELECT * FROM `cd_shop` WHERE ( id=1 ) LIMIT 1   [ RunTime:0.001000s ]
NOTIC: [8] Undefined index: check D:\www\Enterprise\Product\Lib\Action\CookieAction.class.php 第 20 行.
NOTIC: [8] Undefined variable: set D:\www\Enterprise\Core\Lib\Core\Db.class.php 第 283 行.
NOTIC: [2] implode(): Invalid arguments passed D:\www\Enterprise\Core\Lib\Core\Db.class.php 第 283 行.
SQL: UPDATE `cd_shop` SET  WHERE ( id=1 ) [ RunTime:0.000000s ]
ERR: You have an error in your SQL syntax; check the manual that corresponds to your MySQL server version for the right syntax to use near 'WHERE ( id=1 )' at line 1
 [ SQL语句 ] : UPDATE `cd_shop` SET  WHERE ( id=1 )

[ 2013-07-23T16:46:33+08:00 ] 192.168.1.108 /product.php/Cookie/showcookie
INFO: [ app_begin ] --START--
INFO: Run ReadHtmlCache Behavior [ RunTime:0.000000s ]
INFO: [ app_begin ] --END-- [ RunTime:0.000000s ]
SQL: SHOW COLUMNS FROM `cd_shop` [ RunTime:0.007001s ]
SQL: SELECT * FROM `cd_shop` WHERE ( id=1 ) LIMIT 1   [ RunTime:0.001000s ]

[ 2013-07-23T16:46:34+08:00 ] 192.168.1.108 /product.php/Cookie?id=1
INFO: [ app_begin ] --START--
INFO: Run ReadHtmlCache Behavior [ RunTime:0.000000s ]
INFO: [ app_begin ] --END-- [ RunTime:0.000000s ]
SQL: SHOW COLUMNS FROM `cd_shop` [ RunTime:0.006000s ]
SQL: SELECT * FROM `cd_shop` WHERE ( id=1 ) LIMIT 1   [ RunTime:0.001000s ]
NOTIC: [8] Undefined index: check D:\www\Enterprise\Product\Lib\Action\CookieAction.class.php 第 20 行.
NOTIC: [8] Undefined variable: set D:\www\Enterprise\Core\Lib\Core\Db.class.php 第 283 行.
NOTIC: [2] implode(): Invalid arguments passed D:\www\Enterprise\Core\Lib\Core\Db.class.php 第 283 行.
SQL: UPDATE `cd_shop` SET  WHERE ( id=1 ) [ RunTime:0.001000s ]
ERR: You have an error in your SQL syntax; check the manual that corresponds to your MySQL server version for the right syntax to use near 'WHERE ( id=1 )' at line 1
 [ SQL语句 ] : UPDATE `cd_shop` SET  WHERE ( id=1 )

[ 2013-07-23T16:46:36+08:00 ] 192.168.1.108 /product.php/Cookie/showcookie
INFO: [ app_begin ] --START--
INFO: Run ReadHtmlCache Behavior [ RunTime:0.000000s ]
INFO: [ app_begin ] --END-- [ RunTime:0.000000s ]
SQL: SHOW COLUMNS FROM `cd_shop` [ RunTime:0.007000s ]
SQL: SELECT * FROM `cd_shop` WHERE ( id=1 ) LIMIT 1   [ RunTime:0.001000s ]

[ 2013-07-23T16:46:37+08:00 ] 192.168.1.108 /product.php/Cookie?id=2
INFO: [ app_begin ] --START--
INFO: Run ReadHtmlCache Behavior [ RunTime:0.001000s ]
INFO: [ app_begin ] --END-- [ RunTime:0.001000s ]
SQL: SHOW COLUMNS FROM `cd_shop` [ RunTime:0.007000s ]
SQL: SELECT * FROM `cd_shop` WHERE ( id=2 ) LIMIT 1   [ RunTime:0.003000s ]
NOTIC: [8] Undefined index: check D:\www\Enterprise\Product\Lib\Action\CookieAction.class.php 第 20 行.
NOTIC: [8] Undefined variable: set D:\www\Enterprise\Core\Lib\Core\Db.class.php 第 283 行.
NOTIC: [2] implode(): Invalid arguments passed D:\www\Enterprise\Core\Lib\Core\Db.class.php 第 283 行.
SQL: UPDATE `cd_shop` SET  WHERE ( id=2 ) [ RunTime:0.002000s ]
ERR: You have an error in your SQL syntax; check the manual that corresponds to your MySQL server version for the right syntax to use near 'WHERE ( id=2 )' at line 1
 [ SQL语句 ] : UPDATE `cd_shop` SET  WHERE ( id=2 )

[ 2013-07-23T16:46:42+08:00 ] 192.168.1.108 /product.php/Cookie?id=2
INFO: [ app_begin ] --START--
INFO: Run ReadHtmlCache Behavior [ RunTime:0.001000s ]
INFO: [ app_begin ] --END-- [ RunTime:0.001000s ]
SQL: SHOW COLUMNS FROM `cd_shop` [ RunTime:0.006000s ]
SQL: SELECT * FROM `cd_shop` WHERE ( id=2 ) LIMIT 1   [ RunTime:0.001000s ]
NOTIC: [8] Undefined index: check D:\www\Enterprise\Product\Lib\Action\CookieAction.class.php 第 20 行.
NOTIC: [8] Undefined variable: set D:\www\Enterprise\Core\Lib\Core\Db.class.php 第 283 行.
NOTIC: [2] implode(): Invalid arguments passed D:\www\Enterprise\Core\Lib\Core\Db.class.php 第 283 行.
SQL: UPDATE `cd_shop` SET  WHERE ( id=2 ) [ RunTime:0.000000s ]
ERR: You have an error in your SQL syntax; check the manual that corresponds to your MySQL server version for the right syntax to use near 'WHERE ( id=2 )' at line 1
 [ SQL语句 ] : UPDATE `cd_shop` SET  WHERE ( id=2 )

[ 2013-07-23T16:46:43+08:00 ] 192.168.1.108 /product.php/Cookie/showcookie
INFO: [ app_begin ] --START--
INFO: Run ReadHtmlCache Behavior [ RunTime:0.000000s ]
INFO: [ app_begin ] --END-- [ RunTime:0.000000s ]
SQL: SHOW COLUMNS FROM `cd_shop` [ RunTime:0.006000s ]
SQL: SELECT * FROM `cd_shop` WHERE ( id=1 ) LIMIT 1   [ RunTime:0.001000s ]
SQL: SELECT * FROM `cd_shop` WHERE ( id=2 ) LIMIT 1   [ RunTime:0.001001s ]

[ 2013-07-23T16:46:56+08:00 ] 192.168.1.108 /product.php/Cookie/showcookie
INFO: [ app_begin ] --START--
INFO: Run ReadHtmlCache Behavior [ RunTime:0.000000s ]
INFO: [ app_begin ] --END-- [ RunTime:0.000000s ]
SQL: SHOW COLUMNS FROM `cd_shop` [ RunTime:0.003000s ]
SQL: SELECT * FROM `cd_shop` WHERE ( id=1 ) LIMIT 1   [ RunTime:0.001000s ]
SQL: SELECT * FROM `cd_shop` WHERE ( id=2 ) LIMIT 1   [ RunTime:0.000000s ]

[ 2013-07-23T16:46:58+08:00 ] 192.168.1.108 /product.php/Cookie?id=1
INFO: [ app_begin ] --START--
INFO: Run ReadHtmlCache Behavior [ RunTime:0.000000s ]
INFO: [ app_begin ] --END-- [ RunTime:0.000000s ]
SQL: SHOW COLUMNS FROM `cd_shop` [ RunTime:0.003001s ]
SQL: SELECT * FROM `cd_shop` WHERE ( id=1 ) LIMIT 1   [ RunTime:0.000000s ]
NOTIC: [8] Undefined index: check D:\www\Enterprise\Product\Lib\Action\CookieAction.class.php 第 20 行.
NOTIC: [8] Undefined variable: set D:\www\Enterprise\Core\Lib\Core\Db.class.php 第 283 行.
NOTIC: [2] implode(): Invalid arguments passed D:\www\Enterprise\Core\Lib\Core\Db.class.php 第 283 行.
SQL: UPDATE `cd_shop` SET  WHERE ( id=1 ) [ RunTime:0.001000s ]
ERR: You have an error in your SQL syntax; check the manual that corresponds to your MySQL server version for the right syntax to use near 'WHERE ( id=1 )' at line 1
 [ SQL语句 ] : UPDATE `cd_shop` SET  WHERE ( id=1 )

[ 2013-07-23T16:47:49+08:00 ] 192.168.1.108 /product.php/Cookie?id=1
INFO: [ app_begin ] --START--
INFO: Run ReadHtmlCache Behavior [ RunTime:0.001000s ]
INFO: [ app_begin ] --END-- [ RunTime:0.001000s ]
SQL: SHOW COLUMNS FROM `cd_shop` [ RunTime:0.007001s ]
SQL: SELECT * FROM `cd_shop` WHERE ( id=1 ) LIMIT 1   [ RunTime:0.002000s ]
NOTIC: [8] Undefined index: check D:\www\Enterprise\Product\Lib\Action\CookieAction.class.php 第 20 行.
NOTIC: [8] Undefined variable: set D:\www\Enterprise\Core\Lib\Core\Db.class.php 第 283 行.
NOTIC: [2] implode(): Invalid arguments passed D:\www\Enterprise\Core\Lib\Core\Db.class.php 第 283 行.
SQL: UPDATE `cd_shop` SET  WHERE ( id=1 ) [ RunTime:0.001000s ]
ERR: You have an error in your SQL syntax; check the manual that corresponds to your MySQL server version for the right syntax to use near 'WHERE ( id=1 )' at line 1
 [ SQL语句 ] : UPDATE `cd_shop` SET  WHERE ( id=1 )

[ 2013-07-23T16:47:50+08:00 ] 192.168.1.108 /product.php/Cookie/showcookie
INFO: [ app_begin ] --START--
INFO: Run ReadHtmlCache Behavior [ RunTime:0.001000s ]
INFO: [ app_begin ] --END-- [ RunTime:0.001000s ]
SQL: SHOW COLUMNS FROM `cd_shop` [ RunTime:0.006000s ]
SQL: SELECT * FROM `cd_shop` WHERE ( id=1 ) LIMIT 1   [ RunTime:0.002000s ]
SQL: SELECT * FROM `cd_shop` WHERE ( id=2 ) LIMIT 1   [ RunTime:0.001000s ]

[ 2013-07-23T16:48:00+08:00 ] 192.168.1.108 /product.php/Cookie?id=1
INFO: [ app_begin ] --START--
INFO: Run ReadHtmlCache Behavior [ RunTime:0.000000s ]
INFO: [ app_begin ] --END-- [ RunTime:0.000000s ]
SQL: SHOW COLUMNS FROM `cd_shop` [ RunTime:0.004000s ]
SQL: SELECT * FROM `cd_shop` WHERE ( id=1 ) LIMIT 1   [ RunTime:0.001000s ]
NOTIC: [8] Undefined index: check D:\www\Enterprise\Product\Lib\Action\CookieAction.class.php 第 20 行.
NOTIC: [8] Undefined variable: set D:\www\Enterprise\Core\Lib\Core\Db.class.php 第 283 行.
NOTIC: [2] implode(): Invalid arguments passed D:\www\Enterprise\Core\Lib\Core\Db.class.php 第 283 行.
SQL: UPDATE `cd_shop` SET  WHERE ( id=1 ) [ RunTime:0.000000s ]
ERR: You have an error in your SQL syntax; check the manual that corresponds to your MySQL server version for the right syntax to use near 'WHERE ( id=1 )' at line 1
 [ SQL语句 ] : UPDATE `cd_shop` SET  WHERE ( id=1 )

[ 2013-07-23T16:48:01+08:00 ] 192.168.1.108 /product.php/Cookie/showcookie
INFO: [ app_begin ] --START--
INFO: Run ReadHtmlCache Behavior [ RunTime:0.001001s ]
INFO: [ app_begin ] --END-- [ RunTime:0.001001s ]
SQL: SHOW COLUMNS FROM `cd_shop` [ RunTime:0.006000s ]
SQL: SELECT * FROM `cd_shop` WHERE ( id=1 ) LIMIT 1   [ RunTime:0.002000s ]
SQL: SELECT * FROM `cd_shop` WHERE ( id=2 ) LIMIT 1   [ RunTime:0.001001s ]

[ 2013-07-23T16:59:14+08:00 ] 192.168.1.108 /product.php/Cookie?id=2
INFO: [ app_begin ] --START--
INFO: Run ReadHtmlCache Behavior [ RunTime:0.000000s ]
INFO: [ app_begin ] --END-- [ RunTime:0.000000s ]
SQL: SHOW COLUMNS FROM `cd_shop` [ RunTime:0.006000s ]
SQL: SELECT * FROM `cd_shop` WHERE ( id=2 ) LIMIT 1   [ RunTime:0.001000s ]
NOTIC: [8] Undefined index: check D:\www\Enterprise\Product\Lib\Action\CookieAction.class.php 第 20 行.
NOTIC: [8] Undefined variable: set D:\www\Enterprise\Core\Lib\Core\Db.class.php 第 283 行.
NOTIC: [2] implode(): Invalid arguments passed D:\www\Enterprise\Core\Lib\Core\Db.class.php 第 283 行.
SQL: UPDATE `cd_shop` SET  WHERE ( id=2 ) [ RunTime:0.000000s ]
ERR: You have an error in your SQL syntax; check the manual that corresponds to your MySQL server version for the right syntax to use near 'WHERE ( id=2 )' at line 1
 [ SQL语句 ] : UPDATE `cd_shop` SET  WHERE ( id=2 )

[ 2013-07-23T16:59:15+08:00 ] 192.168.1.108 /product.php/Cookie/showcookie
INFO: [ app_begin ] --START--
INFO: Run ReadHtmlCache Behavior [ RunTime:0.000000s ]
INFO: [ app_begin ] --END-- [ RunTime:0.000000s ]
SQL: SHOW COLUMNS FROM `cd_shop` [ RunTime:0.007000s ]
SQL: SELECT * FROM `cd_shop` WHERE ( id=1 ) LIMIT 1   [ RunTime:0.001000s ]
SQL: SELECT * FROM `cd_shop` WHERE ( id=2 ) LIMIT 1   [ RunTime:0.001000s ]

[ 2013-07-23T16:59:20+08:00 ] 192.168.1.108 /product.php/Cookie?id=2
INFO: [ app_begin ] --START--
INFO: Run ReadHtmlCache Behavior [ RunTime:0.000000s ]
INFO: [ app_begin ] --END-- [ RunTime:0.000000s ]
SQL: SHOW COLUMNS FROM `cd_shop` [ RunTime:0.006001s ]
SQL: SELECT * FROM `cd_shop` WHERE ( id=2 ) LIMIT 1   [ RunTime:0.001000s ]
NOTIC: [8] Undefined index: check D:\www\Enterprise\Product\Lib\Action\CookieAction.class.php 第 20 行.
NOTIC: [8] Undefined variable: set D:\www\Enterprise\Core\Lib\Core\Db.class.php 第 283 行.
NOTIC: [2] implode(): Invalid arguments passed D:\www\Enterprise\Core\Lib\Core\Db.class.php 第 283 行.
SQL: UPDATE `cd_shop` SET  WHERE ( id=2 ) [ RunTime:0.001000s ]
ERR: You have an error in your SQL syntax; check the manual that corresponds to your MySQL server version for the right syntax to use near 'WHERE ( id=2 )' at line 1
 [ SQL语句 ] : UPDATE `cd_shop` SET  WHERE ( id=2 )

[ 2013-07-23T16:59:21+08:00 ] 192.168.1.108 /product.php/Cookie/showcookie
INFO: [ app_begin ] --START--
INFO: Run ReadHtmlCache Behavior [ RunTime:0.001000s ]
INFO: [ app_begin ] --END-- [ RunTime:0.001000s ]
SQL: SHOW COLUMNS FROM `cd_shop` [ RunTime:0.006000s ]
SQL: SELECT * FROM `cd_shop` WHERE ( id=1 ) LIMIT 1   [ RunTime:0.001000s ]
SQL: SELECT * FROM `cd_shop` WHERE ( id=2 ) LIMIT 1   [ RunTime:0.000000s ]

[ 2013-07-23T17:19:22+08:00 ] 192.168.1.108 /product.php/Cookie?id=2
INFO: [ app_begin ] --START--
INFO: Run ReadHtmlCache Behavior [ RunTime:0.000000s ]
INFO: [ app_begin ] --END-- [ RunTime:0.000000s ]
NOTIC: [8] session_start(): ps_files_cleanup_dir: opendir(C:\Windows\Temp) failed: Result too large (34) D:\www\Enterprise\Core\Common\functions.php 第 552 行.
SQL: SHOW COLUMNS FROM `cd_shop` [ RunTime:0.015600s ]
SQL: SELECT * FROM `cd_shop` WHERE ( id=2 ) LIMIT 1   [ RunTime:0.000000s ]
NOTIC: [8] Undefined index: check D:\www\Enterprise\Product\Lib\Action\CookieAction.class.php 第 20 行.
NOTIC: [8] Undefined variable: set D:\www\Enterprise\Core\Lib\Core\Db.class.php 第 283 行.
NOTIC: [2] implode(): Invalid arguments passed D:\www\Enterprise\Core\Lib\Core\Db.class.php 第 283 行.
SQL: UPDATE `cd_shop` SET  WHERE ( id=2 ) [ RunTime:0.000000s ]
ERR: You have an error in your SQL syntax; check the manual that corresponds to your MySQL server version for the right syntax to use near 'WHERE ( id=2 )' at line 1
 [ SQL语句 ] : UPDATE `cd_shop` SET  WHERE ( id=2 )

[ 2013-07-23T17:19:23+08:00 ] 192.168.1.108 /product.php/Cookie/showcookie
INFO: [ app_begin ] --START--
INFO: Run ReadHtmlCache Behavior [ RunTime:0.000000s ]
INFO: [ app_begin ] --END-- [ RunTime:0.000000s ]
SQL: SHOW COLUMNS FROM `cd_shop` [ RunTime:0.002500s ]
NOTIC: [8] Undefined index: cookie D:\www\Enterprise\Product\Lib\Action\CookieAction.class.php 第 27 行.
NOTIC: [2] Invalid argument supplied for foreach() D:\www\Enterprise\Product\Lib\Action\CookieAction.class.php 第 27 行.

[ 2013-07-23T17:26:23+08:00 ] 192.168.1.108 /product.php/Cookie?id=2
INFO: [ app_begin ] --START--
INFO: Run ReadHtmlCache Behavior [ RunTime:0.000000s ]
INFO: [ app_begin ] --END-- [ RunTime:0.000000s ]
SQL: SHOW COLUMNS FROM `cd_shop` [ RunTime:0.000000s ]
SQL: SELECT * FROM `cd_shop` WHERE ( id=2 ) LIMIT 1   [ RunTime:0.000000s ]
NOTIC: [8] Undefined index: check D:\www\Enterprise\Product\Lib\Action\CookieAction.class.php 第 20 行.
NOTIC: [8] Undefined variable: set D:\www\Enterprise\Core\Lib\Core\Db.class.php 第 283 行.
NOTIC: [2] implode(): Invalid arguments passed D:\www\Enterprise\Core\Lib\Core\Db.class.php 第 283 行.
SQL: UPDATE `cd_shop` SET  WHERE ( id=2 ) [ RunTime:0.000000s ]
ERR: You have an error in your SQL syntax; check the manual that corresponds to your MySQL server version for the right syntax to use near 'WHERE ( id=2 )' at line 1
 [ SQL语句 ] : UPDATE `cd_shop` SET  WHERE ( id=2 )

[ 2013-07-23T17:26:24+08:00 ] 192.168.1.108 /product.php/Cookie/showcookie
INFO: [ app_begin ] --START--
INFO: Run ReadHtmlCache Behavior [ RunTime:0.000000s ]
INFO: [ app_begin ] --END-- [ RunTime:0.000000s ]
SQL: SHOW COLUMNS FROM `cd_shop` [ RunTime:0.000000s ]
SQL: SELECT * FROM `cd_shop` WHERE ( id=2 ) LIMIT 1   [ RunTime:0.000000s ]

