[ 2013-07-30T16:26:53+08:00 ] 192.168.1.110 /product.php/Cookie?id=9
INFO: [ app_begin ] --START--
INFO: Run ReadHtmlCache Behavior [ RunTime:0.000750s ]
INFO: [ app_begin ] --END-- [ RunTime:0.000853s ]
SQL: SHOW COLUMNS FROM `cd_shop` [ RunTime:0.013265s ]
SQL: SELECT * FROM `cd_shop` WHERE ( id=9 ) LIMIT 1   [ RunTime:0.001095s ]
NOTIC: [8] Undefined index: check D:\www\Enterprise\Product\Lib\Action\CookieAction.class.php 第 20 行.
NOTIC: [8] Undefined variable: set D:\www\Enterprise\Core\Lib\Core\Db.class.php 第 283 行.
NOTIC: [2] implode(): Invalid arguments passed D:\www\Enterprise\Core\Lib\Core\Db.class.php 第 283 行.
SQL: UPDATE `cd_shop` SET  WHERE ( id=9 ) [ RunTime:0.000434s ]
ERR: You have an error in your SQL syntax; check the manual that corresponds to your MySQL server version for the right syntax to use near 'WHERE ( id=9 )' at line 1
 [ SQL语句 ] : UPDATE `cd_shop` SET  WHERE ( id=9 )

[ 2013-07-30T16:26:54+08:00 ] 192.168.1.110 /product.php/Cookie/showcookie
INFO: [ app_begin ] --START--
INFO: Run ReadHtmlCache Behavior [ RunTime:0.000914s ]
INFO: [ app_begin ] --END-- [ RunTime:0.001203s ]
SQL: SHOW COLUMNS FROM `cd_shop` [ RunTime:0.011963s ]
NOTIC: [8] Undefined index: cookie D:\www\Enterprise\Product\Lib\Action\CookieAction.class.php 第 27 行.
NOTIC: [2] Invalid argument supplied for foreach() D:\www\Enterprise\Product\Lib\Action\CookieAction.class.php 第 27 行.

[ 2013-07-30T16:28:23+08:00 ] 192.168.1.110 /product.php/Cookie?id=10
INFO: [ app_begin ] --START--
INFO: Run ReadHtmlCache Behavior [ RunTime:0.001142s ]
INFO: [ app_begin ] --END-- [ RunTime:0.001235s ]
SQL: SHOW COLUMNS FROM `cd_shop` [ RunTime:0.012555s ]
SQL: SELECT * FROM `cd_shop` WHERE ( id=10 ) LIMIT 1   [ RunTime:0.001226s ]
NOTIC: [8] Undefined index: check D:\www\Enterprise\Product\Lib\Action\CookieAction.class.php 第 20 行.
NOTIC: [8] Undefined variable: set D:\www\Enterprise\Core\Lib\Core\Db.class.php 第 283 行.
NOTIC: [2] implode(): Invalid arguments passed D:\www\Enterprise\Core\Lib\Core\Db.class.php 第 283 行.
SQL: UPDATE `cd_shop` SET  WHERE ( id=10 ) [ RunTime:0.000504s ]
ERR: You have an error in your SQL syntax; check the manual that corresponds to your MySQL server version for the right syntax to use near 'WHERE ( id=10 )' at line 1
 [ SQL语句 ] : UPDATE `cd_shop` SET  WHERE ( id=10 )

[ 2013-07-30T16:28:24+08:00 ] 192.168.1.110 /product.php/Cookie/showcookie
INFO: [ app_begin ] --START--
INFO: Run ReadHtmlCache Behavior [ RunTime:0.000671s ]
INFO: [ app_begin ] --END-- [ RunTime:0.000753s ]
SQL: SHOW COLUMNS FROM `cd_shop` [ RunTime:0.003700s ]
SQL: SELECT * FROM `cd_shop` WHERE ( id=9 ) LIMIT 1   [ RunTime:0.000464s ]

[ 2013-07-30T16:32:50+08:00 ] 192.168.1.110 /product.php/Cookie?id=10
INFO: [ app_begin ] --START--
INFO: Run ReadHtmlCache Behavior [ RunTime:0.000808s ]
INFO: [ app_begin ] --END-- [ RunTime:0.000889s ]
SQL: SHOW COLUMNS FROM `cd_shop` [ RunTime:0.012248s ]
SQL: SELECT * FROM `cd_shop` WHERE ( id=10 ) LIMIT 1   [ RunTime:0.001192s ]
NOTIC: [8] Undefined index: check D:\www\Enterprise\Product\Lib\Action\CookieAction.class.php 第 20 行.
NOTIC: [8] Undefined variable: set D:\www\Enterprise\Core\Lib\Core\Db.class.php 第 283 行.
NOTIC: [2] implode(): Invalid arguments passed D:\www\Enterprise\Core\Lib\Core\Db.class.php 第 283 行.
SQL: UPDATE `cd_shop` SET  WHERE ( id=10 ) [ RunTime:0.000519s ]
ERR: You have an error in your SQL syntax; check the manual that corresponds to your MySQL server version for the right syntax to use near 'WHERE ( id=10 )' at line 1
 [ SQL语句 ] : UPDATE `cd_shop` SET  WHERE ( id=10 )

[ 2013-07-30T16:32:51+08:00 ] 192.168.1.110 /product.php/Cookie/showcookie
INFO: [ app_begin ] --START--
INFO: Run ReadHtmlCache Behavior [ RunTime:0.000665s ]
INFO: [ app_begin ] --END-- [ RunTime:0.000752s ]
SQL: SHOW COLUMNS FROM `cd_shop` [ RunTime:0.003902s ]
SQL: SELECT * FROM `cd_shop` WHERE ( id=9 ) LIMIT 1   [ RunTime:0.000401s ]
SQL: SELECT * FROM `cd_shop` WHERE ( id=10 ) LIMIT 1   [ RunTime:0.000269s ]

[ 2013-07-30T16:41:25+08:00 ] 192.168.1.108 /product.php/Cookie?id=9
INFO: [ app_begin ] --START--
INFO: Run ReadHtmlCache Behavior [ RunTime:0.000755s ]
INFO: [ app_begin ] --END-- [ RunTime:0.000875s ]
SQL: SHOW COLUMNS FROM `cd_shop` [ RunTime:0.012143s ]
SQL: SELECT * FROM `cd_shop` WHERE ( id=9 ) LIMIT 1   [ RunTime:0.001216s ]
NOTIC: [8] Undefined index: check D:\www\Enterprise\Product\Lib\Action\CookieAction.class.php 第 20 行.
NOTIC: [8] Undefined variable: set D:\www\Enterprise\Core\Lib\Core\Db.class.php 第 283 行.
NOTIC: [2] implode(): Invalid arguments passed D:\www\Enterprise\Core\Lib\Core\Db.class.php 第 283 行.
SQL: UPDATE `cd_shop` SET  WHERE ( id=9 ) [ RunTime:0.000675s ]
ERR: You have an error in your SQL syntax; check the manual that corresponds to your MySQL server version for the right syntax to use near 'WHERE ( id=9 )' at line 1
 [ SQL语句 ] : UPDATE `cd_shop` SET  WHERE ( id=9 )

[ 2013-07-30T16:41:26+08:00 ] 192.168.1.108 /product.php/Cookie/showcookie
INFO: [ app_begin ] --START--
INFO: Run ReadHtmlCache Behavior [ RunTime:0.000672s ]
INFO: [ app_begin ] --END-- [ RunTime:0.000744s ]
SQL: SHOW COLUMNS FROM `cd_shop` [ RunTime:0.012021s ]
NOTIC: [8] Undefined index: cookie D:\www\Enterprise\Product\Lib\Action\CookieAction.class.php 第 27 行.
NOTIC: [2] Invalid argument supplied for foreach() D:\www\Enterprise\Product\Lib\Action\CookieAction.class.php 第 27 行.

[ 2013-07-30T16:41:27+08:00 ] 192.168.1.108 /product.php/Cookie?id=9
INFO: [ app_begin ] --START--
INFO: Run ReadHtmlCache Behavior [ RunTime:0.000437s ]
INFO: [ app_begin ] --END-- [ RunTime:0.000486s ]
SQL: SHOW COLUMNS FROM `cd_shop` [ RunTime:0.012347s ]
SQL: SELECT * FROM `cd_shop` WHERE ( id=9 ) LIMIT 1   [ RunTime:0.001240s ]
NOTIC: [8] Undefined index: check D:\www\Enterprise\Product\Lib\Action\CookieAction.class.php 第 20 行.
NOTIC: [8] Undefined variable: set D:\www\Enterprise\Core\Lib\Core\Db.class.php 第 283 行.
NOTIC: [2] implode(): Invalid arguments passed D:\www\Enterprise\Core\Lib\Core\Db.class.php 第 283 行.
SQL: UPDATE `cd_shop` SET  WHERE ( id=9 ) [ RunTime:0.000607s ]
ERR: You have an error in your SQL syntax; check the manual that corresponds to your MySQL server version for the right syntax to use near 'WHERE ( id=9 )' at line 1
 [ SQL语句 ] : UPDATE `cd_shop` SET  WHERE ( id=9 )

[ 2013-07-30T16:41:28+08:00 ] 192.168.1.108 /product.php/Cookie/showcookie
INFO: [ app_begin ] --START--
INFO: Run ReadHtmlCache Behavior [ RunTime:0.000395s ]
INFO: [ app_begin ] --END-- [ RunTime:0.000441s ]
SQL: SHOW COLUMNS FROM `cd_shop` [ RunTime:0.011873s ]
NOTIC: [8] Undefined index: cookie D:\www\Enterprise\Product\Lib\Action\CookieAction.class.php 第 27 行.
NOTIC: [2] Invalid argument supplied for foreach() D:\www\Enterprise\Product\Lib\Action\CookieAction.class.php 第 27 行.

[ 2013-07-30T16:41:29+08:00 ] 192.168.1.108 /product.php/Cookie?id=9
INFO: [ app_begin ] --START--
INFO: Run ReadHtmlCache Behavior [ RunTime:0.002096s ]
INFO: [ app_begin ] --END-- [ RunTime:0.002356s ]
SQL: SHOW COLUMNS FROM `cd_shop` [ RunTime:0.012614s ]
SQL: SELECT * FROM `cd_shop` WHERE ( id=9 ) LIMIT 1   [ RunTime:0.001255s ]
NOTIC: [8] Undefined index: check D:\www\Enterprise\Product\Lib\Action\CookieAction.class.php 第 20 行.
NOTIC: [8] Undefined variable: set D:\www\Enterprise\Core\Lib\Core\Db.class.php 第 283 行.
NOTIC: [2] implode(): Invalid arguments passed D:\www\Enterprise\Core\Lib\Core\Db.class.php 第 283 行.
SQL: UPDATE `cd_shop` SET  WHERE ( id=9 ) [ RunTime:0.000603s ]
ERR: You have an error in your SQL syntax; check the manual that corresponds to your MySQL server version for the right syntax to use near 'WHERE ( id=9 )' at line 1
 [ SQL语句 ] : UPDATE `cd_shop` SET  WHERE ( id=9 )

[ 2013-07-30T16:41:30+08:00 ] 192.168.1.108 /product.php/Cookie/showcookie
INFO: [ app_begin ] --START--
INFO: Run ReadHtmlCache Behavior [ RunTime:0.000505s ]
INFO: [ app_begin ] --END-- [ RunTime:0.000551s ]
SQL: SHOW COLUMNS FROM `cd_shop` [ RunTime:0.012384s ]
SQL: SELECT * FROM `cd_shop` WHERE ( id=9 ) LIMIT 1   [ RunTime:0.001163s ]

[ 2013-07-30T16:41:35+08:00 ] 192.168.1.108 /product.php/Cookie?id=10
INFO: [ app_begin ] --START--
INFO: Run ReadHtmlCache Behavior [ RunTime:0.000614s ]
INFO: [ app_begin ] --END-- [ RunTime:0.000687s ]
SQL: SHOW COLUMNS FROM `cd_shop` [ RunTime:0.012510s ]
SQL: SELECT * FROM `cd_shop` WHERE ( id=10 ) LIMIT 1   [ RunTime:0.001323s ]
NOTIC: [8] Undefined index: check D:\www\Enterprise\Product\Lib\Action\CookieAction.class.php 第 20 行.
NOTIC: [8] Undefined variable: set D:\www\Enterprise\Core\Lib\Core\Db.class.php 第 283 行.
NOTIC: [2] implode(): Invalid arguments passed D:\www\Enterprise\Core\Lib\Core\Db.class.php 第 283 行.
SQL: UPDATE `cd_shop` SET  WHERE ( id=10 ) [ RunTime:0.000610s ]
ERR: You have an error in your SQL syntax; check the manual that corresponds to your MySQL server version for the right syntax to use near 'WHERE ( id=10 )' at line 1
 [ SQL语句 ] : UPDATE `cd_shop` SET  WHERE ( id=10 )

[ 2013-07-30T16:41:36+08:00 ] 192.168.1.108 /product.php/Cookie/showcookie
INFO: [ app_begin ] --START--
INFO: Run ReadHtmlCache Behavior [ RunTime:0.000609s ]
INFO: [ app_begin ] --END-- [ RunTime:0.000681s ]
SQL: SHOW COLUMNS FROM `cd_shop` [ RunTime:0.012265s ]
SQL: SELECT * FROM `cd_shop` WHERE ( id=9 ) LIMIT 1   [ RunTime:0.001211s ]

[ 2013-07-30T16:42:21+08:00 ] 192.168.1.108 /product.php/Cookie?id=9
INFO: [ app_begin ] --START--
INFO: Run ReadHtmlCache Behavior [ RunTime:0.000807s ]
INFO: [ app_begin ] --END-- [ RunTime:0.000903s ]
SQL: SHOW COLUMNS FROM `cd_shop` [ RunTime:0.012611s ]
SQL: SELECT * FROM `cd_shop` WHERE ( id=9 ) LIMIT 1   [ RunTime:0.001381s ]
NOTIC: [8] Undefined index: check D:\www\Enterprise\Product\Lib\Action\CookieAction.class.php 第 20 行.
NOTIC: [8] Undefined variable: set D:\www\Enterprise\Core\Lib\Core\Db.class.php 第 283 行.
NOTIC: [2] implode(): Invalid arguments passed D:\www\Enterprise\Core\Lib\Core\Db.class.php 第 283 行.
SQL: UPDATE `cd_shop` SET  WHERE ( id=9 ) [ RunTime:0.000592s ]
ERR: You have an error in your SQL syntax; check the manual that corresponds to your MySQL server version for the right syntax to use near 'WHERE ( id=9 )' at line 1
 [ SQL语句 ] : UPDATE `cd_shop` SET  WHERE ( id=9 )

[ 2013-07-30T16:42:22+08:00 ] 192.168.1.108 /product.php/Cookie/showcookie
INFO: [ app_begin ] --START--
INFO: Run ReadHtmlCache Behavior [ RunTime:0.000788s ]
INFO: [ app_begin ] --END-- [ RunTime:0.000879s ]
SQL: SHOW COLUMNS FROM `cd_shop` [ RunTime:0.012208s ]
SQL: SELECT * FROM `cd_shop` WHERE ( id=9 ) LIMIT 1   [ RunTime:0.001221s ]
SQL: SELECT * FROM `cd_shop` WHERE ( id=10 ) LIMIT 1   [ RunTime:0.000997s ]

