[ 2013-07-30T17:40:59+08:00 ] 192.168.1.110 /cdadmin.php/Product/geterlei?sid=3
INFO: [ app_begin ] --START--
INFO: Run ReadHtmlCache Behavior [ RunTime:0.000498s ]
INFO: [ app_begin ] --END-- [ RunTime:0.000555s ]
SQL: SHOW COLUMNS FROM `cd_producttype` [ RunTime:0.011470s ]
SQL: SELECT * FROM `cd_producttype` WHERE ( sid=3 )  [ RunTime:0.001629s ]

[ 2013-07-30T17:41:00+08:00 ] 192.168.1.110 /cdadmin.php/Product/getinfo?id=3
INFO: [ app_begin ] --START--
INFO: Run ReadHtmlCache Behavior [ RunTime:0.000468s ]
INFO: [ app_begin ] --END-- [ RunTime:0.000517s ]
SQL: SHOW COLUMNS FROM `cd_producttype` [ RunTime:0.012176s ]
SQL: SELECT * FROM `cd_producttype` WHERE ( id=3 ) LIMIT 1   [ RunTime:0.001083s ]

[ 2013-07-30T17:41:01+08:00 ] 192.168.1.110 /cdadmin.php/Product/geterlei?sid=1
INFO: [ app_begin ] --START--
INFO: Run ReadHtmlCache Behavior [ RunTime:0.000455s ]
INFO: [ app_begin ] --END-- [ RunTime:0.000509s ]
SQL: SHOW COLUMNS FROM `cd_producttype` [ RunTime:0.012303s ]
SQL: SELECT * FROM `cd_producttype` WHERE ( sid=1 )  [ RunTime:0.001154s ]

[ 2013-07-30T17:41:02+08:00 ] 192.168.1.110 /cdadmin.php/Product/getinfo?id=1
INFO: [ app_begin ] --START--
INFO: Run ReadHtmlCache Behavior [ RunTime:0.000454s ]
INFO: [ app_begin ] --END-- [ RunTime:0.000506s ]
SQL: SHOW COLUMNS FROM `cd_producttype` [ RunTime:0.014820s ]
SQL: SELECT * FROM `cd_producttype` WHERE ( id=1 ) LIMIT 1   [ RunTime:0.001240s ]

[ 2013-07-30T17:41:43+08:00 ] 192.168.1.110 /cdadmin.php/Product/geterlei?sid=2
INFO: [ app_begin ] --START--
INFO: Run ReadHtmlCache Behavior [ RunTime:0.000444s ]
INFO: [ app_begin ] --END-- [ RunTime:0.000499s ]
SQL: SHOW COLUMNS FROM `cd_producttype` [ RunTime:0.010967s ]
SQL: SELECT * FROM `cd_producttype` WHERE ( sid=2 )  [ RunTime:0.001074s ]

[ 2013-07-30T17:41:44+08:00 ] 192.168.1.110 /cdadmin.php/Product/getinfo?id=2
INFO: [ app_begin ] --START--
INFO: Run ReadHtmlCache Behavior [ RunTime:0.000454s ]
INFO: [ app_begin ] --END-- [ RunTime:0.000509s ]
SQL: SHOW COLUMNS FROM `cd_producttype` [ RunTime:0.011966s ]
SQL: SELECT * FROM `cd_producttype` WHERE ( id=2 ) LIMIT 1   [ RunTime:0.000895s ]

[ 2013-07-30T17:41:45+08:00 ] 192.168.1.110 /cdadmin.php/Product/getinfo?id=1
INFO: [ app_begin ] --START--
INFO: Run ReadHtmlCache Behavior [ RunTime:0.000455s ]
INFO: [ app_begin ] --END-- [ RunTime:0.000509s ]
SQL: SHOW COLUMNS FROM `cd_producttype` [ RunTime:0.011212s ]
SQL: SELECT * FROM `cd_producttype` WHERE ( id=1 ) LIMIT 1   [ RunTime:0.000944s ]

[ 2013-07-30T17:41:46+08:00 ] 192.168.1.110 /cdadmin.php/Product/geterlei?sid=1
INFO: [ app_begin ] --START--
INFO: Run ReadHtmlCache Behavior [ RunTime:0.000461s ]
INFO: [ app_begin ] --END-- [ RunTime:0.000515s ]
SQL: SHOW COLUMNS FROM `cd_producttype` [ RunTime:0.011638s ]
SQL: SELECT * FROM `cd_producttype` WHERE ( sid=1 )  [ RunTime:0.001011s ]

[ 2013-07-30T17:41:49+08:00 ] 192.168.1.110 /cdadmin.php/Product/geterlei?sid=9
INFO: [ app_begin ] --START--
INFO: Run ReadHtmlCache Behavior [ RunTime:0.000470s ]
INFO: [ app_begin ] --END-- [ RunTime:0.000523s ]
SQL: SHOW COLUMNS FROM `cd_producttype` [ RunTime:0.010658s ]
SQL: SELECT * FROM `cd_producttype` WHERE ( sid=9 )  [ RunTime:0.001209s ]

[ 2013-07-30T17:41:51+08:00 ] 192.168.1.110 /cdadmin.php/Product/geterlei?sid=6
INFO: [ app_begin ] --START--
INFO: Run ReadHtmlCache Behavior [ RunTime:0.000459s ]
INFO: [ app_begin ] --END-- [ RunTime:0.000511s ]
SQL: SHOW COLUMNS FROM `cd_producttype` [ RunTime:0.010527s ]
SQL: SELECT * FROM `cd_producttype` WHERE ( sid=6 )  [ RunTime:0.001201s ]

