[ 2013-07-31T09:19:54+08:00 ] 192.168.1.110 /cdadmin.php/Product/geterlei?sid=2
INFO: [ app_begin ] --START--
INFO: Run ReadHtmlCache Behavior [ RunTime:0.000439s ]
INFO: [ app_begin ] --END-- [ RunTime:0.000499s ]
SQL: SHOW COLUMNS FROM `cd_producttype` [ RunTime:0.009520s ]
SQL: SELECT * FROM `cd_producttype` WHERE ( sid=2 )  [ RunTime:0.001108s ]

[ 2013-07-31T09:19:55+08:00 ] 192.168.1.110 /cdadmin.php/Product/getinfo?id=2
INFO: [ app_begin ] --START--
INFO: Run ReadHtmlCache Behavior [ RunTime:0.000457s ]
INFO: [ app_begin ] --END-- [ RunTime:0.000519s ]
SQL: SHOW COLUMNS FROM `cd_producttype` [ RunTime:0.008965s ]
SQL: SELECT * FROM `cd_producttype` WHERE ( id=2 ) LIMIT 1   [ RunTime:0.000852s ]

[ 2013-07-31T09:20:02+08:00 ] ERR: (ThinkException) 模板不存在[./Admin/Tpl/Product/index.html]
[ 2013-07-31T09:25:08+08:00 ] 192.168.1.110 /cdadmin.php/Product/geterlei?sid=4
INFO: [ app_begin ] --START--
INFO: Run ReadHtmlCache Behavior [ RunTime:0.000441s ]
INFO: [ app_begin ] --END-- [ RunTime:0.000497s ]
SQL: SHOW COLUMNS FROM `cd_producttype` [ RunTime:0.009104s ]
SQL: SELECT * FROM `cd_producttype` WHERE ( sid=4 )  [ RunTime:0.001092s ]

[ 2013-07-31T09:25:09+08:00 ] 192.168.1.110 /cdadmin.php/Product/getinfo?id=4
INFO: [ app_begin ] --START--
INFO: Run ReadHtmlCache Behavior [ RunTime:0.000407s ]
INFO: [ app_begin ] --END-- [ RunTime:0.000456s ]
SQL: SHOW COLUMNS FROM `cd_producttype` [ RunTime:0.008532s ]
SQL: SELECT * FROM `cd_producttype` WHERE ( id=4 ) LIMIT 1   [ RunTime:0.000996s ]

[ 2013-07-31T09:25:10+08:00 ] 192.168.1.110 /cdadmin.php/Product/geterlei?sid=1
INFO: [ app_begin ] --START--
INFO: Run ReadHtmlCache Behavior [ RunTime:0.000493s ]
INFO: [ app_begin ] --END-- [ RunTime:0.000556s ]
SQL: SHOW COLUMNS FROM `cd_producttype` [ RunTime:0.009211s ]
SQL: SELECT * FROM `cd_producttype` WHERE ( sid=1 )  [ RunTime:0.001103s ]

[ 2013-07-31T09:25:11+08:00 ] 192.168.1.110 /cdadmin.php/Product/getinfo?id=1
INFO: [ app_begin ] --START--
INFO: Run ReadHtmlCache Behavior [ RunTime:0.000409s ]
INFO: [ app_begin ] --END-- [ RunTime:0.000458s ]
SQL: SHOW COLUMNS FROM `cd_producttype` [ RunTime:0.009753s ]
SQL: SELECT * FROM `cd_producttype` WHERE ( id=1 ) LIMIT 1   [ RunTime:0.001034s ]

[ 2013-07-31T09:25:12+08:00 ] 192.168.1.110 /cdadmin.php/Product/geterlei?sid=24
INFO: [ app_begin ] --START--
INFO: Run ReadHtmlCache Behavior [ RunTime:0.000398s ]
INFO: [ app_begin ] --END-- [ RunTime:0.000446s ]
SQL: SHOW COLUMNS FROM `cd_producttype` [ RunTime:0.077820s ]
SQL: SELECT * FROM `cd_producttype` WHERE ( sid=24 )  [ RunTime:0.001217s ]

[ 2013-07-31T09:25:20+08:00 ] 192.168.1.110 /cdadmin.php/Product/geterlei?sid=7
INFO: [ app_begin ] --START--
INFO: Run ReadHtmlCache Behavior [ RunTime:0.000573s ]
INFO: [ app_begin ] --END-- [ RunTime:0.000630s ]
SQL: SHOW COLUMNS FROM `cd_producttype` [ RunTime:0.009123s ]
SQL: SELECT * FROM `cd_producttype` WHERE ( sid=7 )  [ RunTime:0.001028s ]

[ 2013-07-31T09:25:21+08:00 ] 192.168.1.110 /cdadmin.php/Product/geterlei?sid=6
INFO: [ app_begin ] --START--
INFO: Run ReadHtmlCache Behavior [ RunTime:0.000474s ]
INFO: [ app_begin ] --END-- [ RunTime:0.000529s ]
SQL: SHOW COLUMNS FROM `cd_producttype` [ RunTime:0.009630s ]
SQL: SELECT * FROM `cd_producttype` WHERE ( sid=6 )  [ RunTime:0.001007s ]

[ 2013-07-31T09:25:26+08:00 ] ERR: (ThinkException) 模板不存在[./Admin/Tpl/Product/index.html]
[ 2013-07-31T09:26:02+08:00 ] 192.168.1.110 /cdadmin.php/Product/geterlei?sid=3
INFO: [ app_begin ] --START--
INFO: Run ReadHtmlCache Behavior [ RunTime:0.000458s ]
INFO: [ app_begin ] --END-- [ RunTime:0.000515s ]
SQL: SHOW COLUMNS FROM `cd_producttype` [ RunTime:0.009134s ]
SQL: SELECT * FROM `cd_producttype` WHERE ( sid=3 )  [ RunTime:0.001083s ]

[ 2013-07-31T09:26:03+08:00 ] 192.168.1.110 /cdadmin.php/Product/getinfo?id=3
INFO: [ app_begin ] --START--
INFO: Run ReadHtmlCache Behavior [ RunTime:0.000441s ]
INFO: [ app_begin ] --END-- [ RunTime:0.000496s ]
SQL: SHOW COLUMNS FROM `cd_producttype` [ RunTime:0.008492s ]
SQL: SELECT * FROM `cd_producttype` WHERE ( id=3 ) LIMIT 1   [ RunTime:0.001074s ]

[ 2013-07-31T09:26:04+08:00 ] 192.168.1.110 /cdadmin.php/Product/geterlei?sid=1
INFO: [ app_begin ] --START--
INFO: Run ReadHtmlCache Behavior [ RunTime:0.000455s ]
INFO: [ app_begin ] --END-- [ RunTime:0.000511s ]
SQL: SHOW COLUMNS FROM `cd_producttype` [ RunTime:0.009186s ]
SQL: SELECT * FROM `cd_producttype` WHERE ( sid=1 )  [ RunTime:0.001072s ]

[ 2013-07-31T09:26:05+08:00 ] 192.168.1.110 /cdadmin.php/Product/getinfo?id=1
INFO: [ app_begin ] --START--
INFO: Run ReadHtmlCache Behavior [ RunTime:0.000403s ]
INFO: [ app_begin ] --END-- [ RunTime:0.000450s ]
SQL: SHOW COLUMNS FROM `cd_producttype` [ RunTime:0.009870s ]
SQL: SELECT * FROM `cd_producttype` WHERE ( id=1 ) LIMIT 1   [ RunTime:0.001131s ]

[ 2013-07-31T09:26:10+08:00 ] 192.168.1.110 /cdadmin.php/Product/geterlei?sid=7
INFO: [ app_begin ] --START--
INFO: Run ReadHtmlCache Behavior [ RunTime:0.000462s ]
INFO: [ app_begin ] --END-- [ RunTime:0.000517s ]
SQL: SHOW COLUMNS FROM `cd_producttype` [ RunTime:0.009515s ]
SQL: SELECT * FROM `cd_producttype` WHERE ( sid=7 )  [ RunTime:0.001106s ]

[ 2013-07-31T09:26:11+08:00 ] 192.168.1.110 /cdadmin.php/Product/geterlei?sid=6
INFO: [ app_begin ] --START--
INFO: Run ReadHtmlCache Behavior [ RunTime:0.000466s ]
INFO: [ app_begin ] --END-- [ RunTime:0.000519s ]
SQL: SHOW COLUMNS FROM `cd_producttype` [ RunTime:0.009444s ]
SQL: SELECT * FROM `cd_producttype` WHERE ( sid=6 )  [ RunTime:0.001098s ]

