[ 2013-07-18T09:42:19+08:00 ] ERR: (ThinkException) 非法操作:__PUBIIC__
[ 2013-07-18T09:42:23+08:00 ] ERR: (ThinkException) 非法操作:__PUBIIC__
[ 2013-07-18T09:42:35+08:00 ] ERR: (ThinkException) 非法操作:__PUBIIC__
[ 2013-07-18T09:42:40+08:00 ] ERR: (ThinkException) 非法操作:__PUBIIC__
[ 2013-07-18T09:42:43+08:00 ] ERR: (ThinkException) 非法操作:__PUBIIC__
[ 2013-07-18T09:43:04+08:00 ] ERR: (ThinkException) 非法操作:__PUBIIC__
[ 2013-07-18T09:43:06+08:00 ] ERR: (ThinkException) 非法操作:__PUBIIC__
[ 2013-07-18T10:11:46+08:00 ] ERR: (ThinkException) 非法操作:__PUBIIC__
[ 2013-07-18T10:11:47+08:00 ] ERR: (ThinkException) 非法操作:__PUBIIC__
[ 2013-07-18T11:19:00+08:00 ] ERR: (ThinkException) 非法操作:__url__
[ 2013-07-18T11:38:19+08:00 ] ERR: (ThinkException) 非法操作:__url__
[ 2013-07-18T11:39:08+08:00 ] ERR: (ThinkException) 非法操作:mannew
[ 2013-07-18T14:32:53+08:00 ] ERR: (ThinkException) 非法操作:mannew
[ 2013-07-18T14:54:40+08:00 ] ERR: (ThinkException) 非法操作:images
[ 2013-07-18T14:54:40+08:00 ] ERR: (ThinkException) 非法操作:javascript
[ 2013-07-18T14:56:15+08:00 ] ERR: (ThinkException) 非法操作:images
[ 2013-07-18T14:56:16+08:00 ] ERR: (ThinkException) 非法操作:javascript
[ 2013-07-18T14:56:38+08:00 ] ERR: (ThinkException) 非法操作:images
[ 2013-07-18T14:56:38+08:00 ] ERR: (ThinkException) 非法操作:javascript
[ 2013-07-18T14:56:59+08:00 ] ERR: (ThinkException) 非法操作:images
[ 2013-07-18T14:56:59+08:00 ] ERR: (ThinkException) 非法操作:javascript
[ 2013-07-18T14:57:48+08:00 ] ERR: (ThinkException) 非法操作:images
[ 2013-07-18T14:57:48+08:00 ] ERR: (ThinkException) 非法操作:javascript
[ 2013-07-18T15:00:55+08:00 ] ERR: (ThinkException) 非法操作:images
[ 2013-07-18T15:00:55+08:00 ] ERR: (ThinkException) 非法操作:javascript
[ 2013-07-18T15:06:33+08:00 ] ERR: (ThinkException) 非法操作:images
[ 2013-07-18T15:06:33+08:00 ] ERR: (ThinkException) 非法操作:javascript
[ 2013-07-18T15:08:51+08:00 ] ERR: (ThinkException) 非法操作:images
[ 2013-07-18T15:08:51+08:00 ] ERR: (ThinkException) 非法操作:javascript
[ 2013-07-18T15:09:37+08:00 ] ERR: (ThinkException) 非法操作:images
[ 2013-07-18T15:09:37+08:00 ] ERR: (ThinkException) 非法操作:javascript
[ 2013-07-18T15:14:11+08:00 ] ERR: (ThinkException) 非法操作:__PUBIIC__
[ 2013-07-18T15:14:13+08:00 ] ERR: (ThinkException) 非法操作:__PUBIIC__
