[ 2013-07-10T09:03:04+08:00 ] 127.0.0.1 /Enterprise/
INFO: [ app_begin ] --START--
INFO: Run ReadHtmlCache Behavior [ RunTime:0.001027s ]
INFO: [ app_begin ] --END-- [ RunTime:0.001133s ]
INFO: [ view_template ] --START--
INFO: Run LocationTemplate Behavior [ RunTime:0.001295s ]
INFO: [ view_template ] --END-- [ RunTime:0.001386s ]
INFO: [ view_parse ] --START--
INFO: Run ParseTemplate Behavior [ RunTime:0.441189s ]
INFO: [ view_parse ] --END-- [ RunTime:0.441330s ]
INFO: [ view_filter ] --START--
INFO: Run ContentReplace Behavior [ RunTime:0.006669s ]
INFO: Run TokenBuild Behavior [ RunTime:0.002200s ]
INFO: Run WriteHtmlCache Behavior [ RunTime:0.000933s ]
INFO: Run ShowRuntime Behavior [ RunTime:0.002777s ]
INFO: [ view_filter ] --END-- [ RunTime:0.013065s ]
INFO: [ view_end ] --START--
INFO: Run ShowPageTrace Behavior [ RunTime:0.001345s ]
INFO: [ view_end ] --END-- [ RunTime:0.001450s ]

[ 2013-07-10T09:03:08+08:00 ] 127.0.0.1 /Enterprise/index.php?cron=page%3Aindex&p=
INFO: [ app_begin ] --START--
INFO: Run ReadHtmlCache Behavior [ RunTime:0.001119s ]
INFO: [ app_begin ] --END-- [ RunTime:0.001222s ]
INFO: [ view_template ] --START--
INFO: Run LocationTemplate Behavior [ RunTime:0.001214s ]
INFO: [ view_template ] --END-- [ RunTime:0.001302s ]
INFO: [ view_parse ] --START--
INFO: Run ParseTemplate Behavior [ RunTime:0.428802s ]
INFO: [ view_parse ] --END-- [ RunTime:0.428951s ]
INFO: [ view_filter ] --START--
INFO: Run ContentReplace Behavior [ RunTime:0.007553s ]
INFO: Run TokenBuild Behavior [ RunTime:0.002220s ]
INFO: Run WriteHtmlCache Behavior [ RunTime:0.000940s ]
INFO: Run ShowRuntime Behavior [ RunTime:0.003679s ]
INFO: [ view_filter ] --END-- [ RunTime:0.014806s ]
INFO: [ view_end ] --START--
INFO: Run ShowPageTrace Behavior [ RunTime:0.001191s ]
INFO: [ view_end ] --END-- [ RunTime:0.001285s ]

[ 2013-07-10T10:10:19+08:00 ] 127.0.0.1 /Enterprise/
INFO: [ app_begin ] --START--
INFO: Run ReadHtmlCache Behavior [ RunTime:0.000901s ]
INFO: [ app_begin ] --END-- [ RunTime:0.001005s ]
INFO: [ view_template ] --START--
INFO: Run LocationTemplate Behavior [ RunTime:0.001102s ]
INFO: [ view_template ] --END-- [ RunTime:0.001190s ]
INFO: [ view_parse ] --START--
INFO: Run ParseTemplate Behavior [ RunTime:0.418001s ]
INFO: [ view_parse ] --END-- [ RunTime:0.418138s ]
INFO: [ view_filter ] --START--
INFO: Run ContentReplace Behavior [ RunTime:0.006329s ]
INFO: Run TokenBuild Behavior [ RunTime:0.002662s ]
INFO: Run WriteHtmlCache Behavior [ RunTime:0.000890s ]
INFO: Run ShowRuntime Behavior [ RunTime:0.003026s ]
INFO: [ view_filter ] --END-- [ RunTime:0.013533s ]
INFO: [ view_end ] --START--
INFO: Run ShowPageTrace Behavior [ RunTime:0.001276s ]
INFO: [ view_end ] --END-- [ RunTime:0.001383s ]

[ 2013-07-10T10:10:21+08:00 ] 127.0.0.1 /Enterprise/index.php?cron=page%3Aindex&p=
INFO: [ app_begin ] --START--
INFO: Run ReadHtmlCache Behavior [ RunTime:0.000990s ]
INFO: [ app_begin ] --END-- [ RunTime:0.001097s ]
INFO: [ view_template ] --START--
INFO: Run LocationTemplate Behavior [ RunTime:0.001065s ]
INFO: [ view_template ] --END-- [ RunTime:0.001151s ]
INFO: [ view_parse ] --START--
INFO: Run ParseTemplate Behavior [ RunTime:0.549185s ]
INFO: [ view_parse ] --END-- [ RunTime:0.549434s ]
INFO: [ view_filter ] --START--
INFO: Run ContentReplace Behavior [ RunTime:0.007186s ]
INFO: Run TokenBuild Behavior [ RunTime:0.001975s ]
INFO: Run WriteHtmlCache Behavior [ RunTime:0.000913s ]
INFO: Run ShowRuntime Behavior [ RunTime:0.003096s ]
INFO: [ view_filter ] --END-- [ RunTime:0.013709s ]
INFO: [ view_end ] --START--
INFO: Run ShowPageTrace Behavior [ RunTime:0.001262s ]
INFO: [ view_end ] --END-- [ RunTime:0.001435s ]

[ 2013-07-10T10:13:55+08:00 ] 127.0.0.1 /Enterprise/
INFO: [ app_begin ] --START--
INFO: Run ReadHtmlCache Behavior [ RunTime:0.000909s ]
INFO: [ app_begin ] --END-- [ RunTime:0.001006s ]
INFO: [ view_template ] --START--
INFO: Run LocationTemplate Behavior [ RunTime:0.001067s ]
INFO: [ view_template ] --END-- [ RunTime:0.001149s ]
INFO: [ view_parse ] --START--
INFO: Run ParseTemplate Behavior [ RunTime:0.487665s ]
INFO: [ view_parse ] --END-- [ RunTime:0.487813s ]
INFO: [ view_filter ] --START--
INFO: Run ContentReplace Behavior [ RunTime:0.007951s ]
INFO: Run TokenBuild Behavior [ RunTime:0.002074s ]
INFO: Run WriteHtmlCache Behavior [ RunTime:0.000841s ]
INFO: Run ShowRuntime Behavior [ RunTime:0.003531s ]
INFO: [ view_filter ] --END-- [ RunTime:0.014866s ]
INFO: [ view_end ] --START--
INFO: Run ShowPageTrace Behavior [ RunTime:0.001346s ]
INFO: [ view_end ] --END-- [ RunTime:0.001471s ]

[ 2013-07-10T10:13:57+08:00 ] 127.0.0.1 /Enterprise/index.php?cron=page%3Aindex&p=
INFO: [ app_begin ] --START--
INFO: Run ReadHtmlCache Behavior [ RunTime:0.000918s ]
INFO: [ app_begin ] --END-- [ RunTime:0.001023s ]
INFO: [ view_template ] --START--
INFO: Run LocationTemplate Behavior [ RunTime:0.001083s ]
INFO: [ view_template ] --END-- [ RunTime:0.001165s ]
INFO: [ view_parse ] --START--
INFO: Run ParseTemplate Behavior [ RunTime:0.465955s ]
INFO: [ view_parse ] --END-- [ RunTime:0.466103s ]
INFO: [ view_filter ] --START--
INFO: Run ContentReplace Behavior [ RunTime:0.006317s ]
INFO: Run TokenBuild Behavior [ RunTime:0.006455s ]
INFO: Run WriteHtmlCache Behavior [ RunTime:0.000850s ]
INFO: Run ShowRuntime Behavior [ RunTime:0.002750s ]
INFO: [ view_filter ] --END-- [ RunTime:0.016862s ]
INFO: [ view_end ] --START--
INFO: Run ShowPageTrace Behavior [ RunTime:0.001201s ]
INFO: [ view_end ] --END-- [ RunTime:0.001293s ]

[ 2013-07-10T10:14:10+08:00 ] 127.0.0.1 /Enterprise/
INFO: [ app_begin ] --START--
INFO: Run ReadHtmlCache Behavior [ RunTime:0.000551s ]
INFO: [ app_begin ] --END-- [ RunTime:0.000702s ]
INFO: [ view_template ] --START--
INFO: Run LocationTemplate Behavior [ RunTime:0.000329s ]
INFO: [ view_template ] --END-- [ RunTime:0.000405s ]
INFO: [ view_parse ] --START--
INFO: Run ParseTemplate Behavior [ RunTime:0.450687s ]
INFO: [ view_parse ] --END-- [ RunTime:0.450823s ]
INFO: [ view_filter ] --START--
INFO: Run ContentReplace Behavior [ RunTime:0.006272s ]
INFO: Run TokenBuild Behavior [ RunTime:0.004045s ]
INFO: Run WriteHtmlCache Behavior [ RunTime:0.000363s ]
INFO: Run ShowRuntime Behavior [ RunTime:0.002510s ]
INFO: [ view_filter ] --END-- [ RunTime:0.013595s ]
INFO: [ view_end ] --START--
INFO: Run ShowPageTrace Behavior [ RunTime:0.000737s ]
INFO: [ view_end ] --END-- [ RunTime:0.000844s ]

[ 2013-07-10T10:14:11+08:00 ] 127.0.0.1 /Enterprise/index.php?cron=page%3Aindex&p=
INFO: [ app_begin ] --START--
INFO: Run ReadHtmlCache Behavior [ RunTime:0.000894s ]
INFO: [ app_begin ] --END-- [ RunTime:0.001000s ]
INFO: [ view_template ] --START--
INFO: Run LocationTemplate Behavior [ RunTime:0.001139s ]
INFO: [ view_template ] --END-- [ RunTime:0.001227s ]
INFO: [ view_parse ] --START--
INFO: Run ParseTemplate Behavior [ RunTime:0.431611s ]
INFO: [ view_parse ] --END-- [ RunTime:0.431747s ]
INFO: [ view_filter ] --START--
INFO: Run ContentReplace Behavior [ RunTime:0.006982s ]
INFO: Run TokenBuild Behavior [ RunTime:0.002095s ]
INFO: Run WriteHtmlCache Behavior [ RunTime:0.000990s ]
INFO: Run ShowRuntime Behavior [ RunTime:0.002810s ]
INFO: [ view_filter ] --END-- [ RunTime:0.013302s ]
INFO: [ view_end ] --START--
INFO: Run ShowPageTrace Behavior [ RunTime:0.001132s ]
INFO: [ view_end ] --END-- [ RunTime:0.001233s ]

[ 2013-07-10T10:14:15+08:00 ] 127.0.0.1 /Enterprise/
INFO: [ app_begin ] --START--
INFO: Run ReadHtmlCache Behavior [ RunTime:0.000533s ]
INFO: [ app_begin ] --END-- [ RunTime:0.000631s ]
INFO: [ view_template ] --START--
INFO: Run LocationTemplate Behavior [ RunTime:0.000329s ]
INFO: [ view_template ] --END-- [ RunTime:0.000404s ]
INFO: [ view_parse ] --START--
INFO: Run ParseTemplate Behavior [ RunTime:0.445859s ]
INFO: [ view_parse ] --END-- [ RunTime:0.445995s ]
INFO: [ view_filter ] --START--
INFO: Run ContentReplace Behavior [ RunTime:0.006301s ]
INFO: Run TokenBuild Behavior [ RunTime:0.001639s ]
INFO: Run WriteHtmlCache Behavior [ RunTime:0.000475s ]
INFO: Run ShowRuntime Behavior [ RunTime:0.002466s ]
INFO: [ view_filter ] --END-- [ RunTime:0.011300s ]
INFO: [ view_end ] --START--
INFO: Run ShowPageTrace Behavior [ RunTime:0.000918s ]
INFO: [ view_end ] --END-- [ RunTime:0.001022s ]

[ 2013-07-10T10:14:16+08:00 ] 127.0.0.1 /Enterprise/index.php?cron=page%3Aindex&p=
INFO: [ app_begin ] --START--
INFO: Run ReadHtmlCache Behavior [ RunTime:0.000887s ]
INFO: [ app_begin ] --END-- [ RunTime:0.000994s ]
INFO: [ view_template ] --START--
INFO: Run LocationTemplate Behavior [ RunTime:0.001350s ]
INFO: [ view_template ] --END-- [ RunTime:0.001468s ]
INFO: [ view_parse ] --START--
INFO: Run ParseTemplate Behavior [ RunTime:0.439496s ]
INFO: [ view_parse ] --END-- [ RunTime:0.439638s ]
INFO: [ view_filter ] --START--
INFO: Run ContentReplace Behavior [ RunTime:0.007318s ]
INFO: Run TokenBuild Behavior [ RunTime:0.007271s ]
INFO: Run WriteHtmlCache Behavior [ RunTime:0.000818s ]
INFO: Run ShowRuntime Behavior [ RunTime:0.002824s ]
INFO: [ view_filter ] --END-- [ RunTime:0.018776s ]
INFO: [ view_end ] --START--
INFO: Run ShowPageTrace Behavior [ RunTime:0.001167s ]
INFO: [ view_end ] --END-- [ RunTime:0.001275s ]

[ 2013-07-10T10:16:14+08:00 ] 127.0.0.1 /Enterprise/
INFO: [ app_begin ] --START--
INFO: Run ReadHtmlCache Behavior [ RunTime:0.000557s ]
INFO: [ app_begin ] --END-- [ RunTime:0.001049s ]
INFO: [ view_template ] --START--
INFO: Run LocationTemplate Behavior [ RunTime:0.000358s ]
INFO: [ view_template ] --END-- [ RunTime:0.000438s ]
INFO: [ view_parse ] --START--
INFO: Run ParseTemplate Behavior [ RunTime:0.945963s ]
INFO: [ view_parse ] --END-- [ RunTime:0.946093s ]
INFO: [ view_filter ] --START--
INFO: Run ContentReplace Behavior [ RunTime:0.006360s ]
INFO: Run TokenBuild Behavior [ RunTime:0.001700s ]
INFO: Run WriteHtmlCache Behavior [ RunTime:0.000401s ]
INFO: Run ShowRuntime Behavior [ RunTime:0.002356s ]
INFO: [ view_filter ] --END-- [ RunTime:0.011198s ]
INFO: [ view_end ] --START--
INFO: Run ShowPageTrace Behavior [ RunTime:0.000738s ]
INFO: [ view_end ] --END-- [ RunTime:0.001118s ]

[ 2013-07-10T10:16:16+08:00 ] 127.0.0.1 /Enterprise/index.php?cron=page%3Aindex&p=
INFO: [ app_begin ] --START--
INFO: Run ReadHtmlCache Behavior [ RunTime:0.000910s ]
INFO: [ app_begin ] --END-- [ RunTime:0.001021s ]
INFO: [ view_template ] --START--
INFO: Run LocationTemplate Behavior [ RunTime:0.001055s ]
INFO: [ view_template ] --END-- [ RunTime:0.001140s ]
INFO: [ view_parse ] --START--
INFO: Run ParseTemplate Behavior [ RunTime:0.435527s ]
INFO: [ view_parse ] --END-- [ RunTime:0.435661s ]
INFO: [ view_filter ] --START--
INFO: Run ContentReplace Behavior [ RunTime:0.006699s ]
INFO: Run TokenBuild Behavior [ RunTime:0.002131s ]
INFO: Run WriteHtmlCache Behavior [ RunTime:0.000880s ]
INFO: Run ShowRuntime Behavior [ RunTime:0.003827s ]
INFO: [ view_filter ] --END-- [ RunTime:0.013948s ]
INFO: [ view_end ] --START--
INFO: Run ShowPageTrace Behavior [ RunTime:0.001191s ]
INFO: [ view_end ] --END-- [ RunTime:0.001293s ]

[ 2013-07-10T10:16:19+08:00 ] 127.0.0.1 /Enterprise/
INFO: [ app_begin ] --START--
INFO: Run ReadHtmlCache Behavior [ RunTime:0.000628s ]
INFO: [ app_begin ] --END-- [ RunTime:0.000776s ]
INFO: [ view_template ] --START--
INFO: Run LocationTemplate Behavior [ RunTime:0.000329s ]
INFO: [ view_template ] --END-- [ RunTime:0.000410s ]
INFO: [ view_parse ] --START--
INFO: Run ParseTemplate Behavior [ RunTime:0.411295s ]
INFO: [ view_parse ] --END-- [ RunTime:0.411433s ]
INFO: [ view_filter ] --START--
INFO: Run ContentReplace Behavior [ RunTime:0.006172s ]
INFO: Run TokenBuild Behavior [ RunTime:0.002025s ]
INFO: Run WriteHtmlCache Behavior [ RunTime:0.000409s ]
INFO: Run ShowRuntime Behavior [ RunTime:0.002437s ]
INFO: [ view_filter ] --END-- [ RunTime:0.011466s ]
INFO: [ view_end ] --START--
INFO: Run ShowPageTrace Behavior [ RunTime:0.000780s ]
INFO: [ view_end ] --END-- [ RunTime:0.000872s ]

[ 2013-07-10T10:16:20+08:00 ] 127.0.0.1 /Enterprise/index.php?cron=page%3Aindex&p=
INFO: [ app_begin ] --START--
INFO: Run ReadHtmlCache Behavior [ RunTime:0.000918s ]
INFO: [ app_begin ] --END-- [ RunTime:0.001030s ]
INFO: [ view_template ] --START--
INFO: Run LocationTemplate Behavior [ RunTime:0.001743s ]
INFO: [ view_template ] --END-- [ RunTime:0.001851s ]
INFO: [ view_parse ] --START--
INFO: Run ParseTemplate Behavior [ RunTime:0.447572s ]
INFO: [ view_parse ] --END-- [ RunTime:0.447711s ]
INFO: [ view_filter ] --START--
INFO: Run ContentReplace Behavior [ RunTime:0.027582s ]
INFO: Run TokenBuild Behavior [ RunTime:0.002158s ]
INFO: Run WriteHtmlCache Behavior [ RunTime:0.000808s ]
INFO: Run ShowRuntime Behavior [ RunTime:0.002862s ]
INFO: [ view_filter ] --END-- [ RunTime:0.033807s ]
INFO: [ view_end ] --START--
INFO: Run ShowPageTrace Behavior [ RunTime:0.001325s ]
INFO: [ view_end ] --END-- [ RunTime:0.001432s ]

[ 2013-07-10T10:16:31+08:00 ] 127.0.0.1 /Enterprise/
INFO: [ app_begin ] --START--
INFO: Run ReadHtmlCache Behavior [ RunTime:0.001042s ]
INFO: [ app_begin ] --END-- [ RunTime:0.001180s ]
INFO: [ view_template ] --START--
INFO: Run LocationTemplate Behavior [ RunTime:0.000332s ]
INFO: [ view_template ] --END-- [ RunTime:0.000410s ]
INFO: [ view_parse ] --START--
INFO: Run ParseTemplate Behavior [ RunTime:0.445978s ]
INFO: [ view_parse ] --END-- [ RunTime:0.446127s ]
INFO: [ view_filter ] --START--
INFO: Run ContentReplace Behavior [ RunTime:0.007384s ]
INFO: Run TokenBuild Behavior [ RunTime:0.001815s ]
INFO: Run WriteHtmlCache Behavior [ RunTime:0.000423s ]
INFO: Run ShowRuntime Behavior [ RunTime:0.002732s ]
INFO: [ view_filter ] --END-- [ RunTime:0.012766s ]
INFO: [ view_end ] --START--
INFO: Run ShowPageTrace Behavior [ RunTime:0.000747s ]
INFO: [ view_end ] --END-- [ RunTime:0.000843s ]

[ 2013-07-10T10:16:33+08:00 ] 127.0.0.1 /Enterprise/index.php?cron=page%3Aindex&p=
INFO: [ app_begin ] --START--
INFO: Run ReadHtmlCache Behavior [ RunTime:0.000886s ]
INFO: [ app_begin ] --END-- [ RunTime:0.000990s ]
INFO: [ view_template ] --START--
INFO: Run LocationTemplate Behavior [ RunTime:0.001061s ]
INFO: [ view_template ] --END-- [ RunTime:0.001143s ]
INFO: [ view_parse ] --START--
INFO: Run ParseTemplate Behavior [ RunTime:0.452218s ]
INFO: [ view_parse ] --END-- [ RunTime:0.452401s ]
INFO: [ view_filter ] --START--
INFO: Run ContentReplace Behavior [ RunTime:0.007220s ]
INFO: Run TokenBuild Behavior [ RunTime:0.002936s ]
INFO: Run WriteHtmlCache Behavior [ RunTime:0.000840s ]
INFO: Run ShowRuntime Behavior [ RunTime:0.003138s ]
INFO: [ view_filter ] --END-- [ RunTime:0.014546s ]
INFO: [ view_end ] --START--
INFO: Run ShowPageTrace Behavior [ RunTime:0.001135s ]
INFO: [ view_end ] --END-- [ RunTime:0.001233s ]

[ 2013-07-10T10:19:38+08:00 ] 127.0.0.1 /Enterprise/
INFO: [ app_begin ] --START--
INFO: Run ReadHtmlCache Behavior [ RunTime:0.000928s ]
INFO: [ app_begin ] --END-- [ RunTime:0.001023s ]
INFO: [ view_template ] --START--
INFO: Run LocationTemplate Behavior [ RunTime:0.001067s ]
INFO: [ view_template ] --END-- [ RunTime:0.001148s ]
INFO: [ view_parse ] --START--
INFO: Run ParseTemplate Behavior [ RunTime:0.336696s ]
INFO: [ view_parse ] --END-- [ RunTime:0.336829s ]
INFO: [ view_filter ] --START--
INFO: Run ContentReplace Behavior [ RunTime:0.006235s ]
INFO: Run TokenBuild Behavior [ RunTime:0.001690s ]
INFO: Run WriteHtmlCache Behavior [ RunTime:0.000732s ]
INFO: Run ShowRuntime Behavior [ RunTime:0.006961s ]
INFO: [ view_filter ] --END-- [ RunTime:0.016069s ]
INFO: [ view_end ] --START--
INFO: Run ShowPageTrace Behavior [ RunTime:0.001137s ]
INFO: [ view_end ] --END-- [ RunTime:0.001225s ]

[ 2013-07-10T10:19:39+08:00 ] 127.0.0.1 /Enterprise/index.php?cron=page%3Aindex&p=
INFO: [ app_begin ] --START--
INFO: Run ReadHtmlCache Behavior [ RunTime:0.000528s ]
INFO: [ app_begin ] --END-- [ RunTime:0.000632s ]
INFO: [ view_template ] --START--
INFO: Run LocationTemplate Behavior [ RunTime:0.000390s ]
INFO: [ view_template ] --END-- [ RunTime:0.000546s ]
INFO: [ view_parse ] --START--
INFO: Run ParseTemplate Behavior [ RunTime:0.328005s ]
INFO: [ view_parse ] --END-- [ RunTime:0.328136s ]
INFO: [ view_filter ] --START--
INFO: Run ContentReplace Behavior [ RunTime:0.004832s ]
INFO: Run TokenBuild Behavior [ RunTime:0.001447s ]
INFO: Run WriteHtmlCache Behavior [ RunTime:0.000378s ]
INFO: Run ShowRuntime Behavior [ RunTime:0.001972s ]
INFO: [ view_filter ] --END-- [ RunTime:0.009001s ]
INFO: [ view_end ] --START--
INFO: Run ShowPageTrace Behavior [ RunTime:0.000727s ]
INFO: [ view_end ] --END-- [ RunTime:0.000812s ]

[ 2013-07-10T10:19:59+08:00 ] 127.0.0.1 /Enterprise/
INFO: [ app_begin ] --START--
INFO: Run ReadHtmlCache Behavior [ RunTime:0.000929s ]
INFO: [ app_begin ] --END-- [ RunTime:0.001025s ]
INFO: [ view_template ] --START--
INFO: Run LocationTemplate Behavior [ RunTime:0.001110s ]
INFO: [ view_template ] --END-- [ RunTime:0.001195s ]
INFO: [ view_parse ] --START--
INFO: Run ParseTemplate Behavior [ RunTime:0.370809s ]
INFO: [ view_parse ] --END-- [ RunTime:0.370942s ]
INFO: [ view_filter ] --START--
INFO: Run ContentReplace Behavior [ RunTime:0.005901s ]
INFO: Run TokenBuild Behavior [ RunTime:0.009488s ]
INFO: Run WriteHtmlCache Behavior [ RunTime:0.000805s ]
INFO: Run ShowRuntime Behavior [ RunTime:0.002186s ]
INFO: [ view_filter ] --END-- [ RunTime:0.018767s ]
INFO: [ view_end ] --START--
INFO: Run ShowPageTrace Behavior [ RunTime:0.001180s ]
INFO: [ view_end ] --END-- [ RunTime:0.001271s ]

[ 2013-07-10T10:20:03+08:00 ] 127.0.0.1 /Enterprise/index.php?cron=page%3Aindex&p=
INFO: [ app_begin ] --START--
INFO: Run ReadHtmlCache Behavior [ RunTime:0.000553s ]
INFO: [ app_begin ] --END-- [ RunTime:0.000649s ]
INFO: [ view_template ] --START--
INFO: Run LocationTemplate Behavior [ RunTime:0.000326s ]
INFO: [ view_template ] --END-- [ RunTime:0.000406s ]
INFO: [ view_parse ] --START--
INFO: Run ParseTemplate Behavior [ RunTime:0.368381s ]
INFO: [ view_parse ] --END-- [ RunTime:0.368518s ]
INFO: [ view_filter ] --START--
INFO: Run ContentReplace Behavior [ RunTime:0.010501s ]
INFO: Run TokenBuild Behavior [ RunTime:0.002604s ]
INFO: Run WriteHtmlCache Behavior [ RunTime:0.003994s ]
INFO: Run ShowRuntime Behavior [ RunTime:0.002525s ]
INFO: [ view_filter ] --END-- [ RunTime:0.020165s ]
INFO: [ view_end ] --START--
INFO: Run ShowPageTrace Behavior [ RunTime:0.000766s ]
INFO: [ view_end ] --END-- [ RunTime:0.000851s ]

[ 2013-07-10T10:22:16+08:00 ] 127.0.0.1 /Enterprise/
INFO: [ app_begin ] --START--
INFO: Run ReadHtmlCache Behavior [ RunTime:0.000907s ]
INFO: [ app_begin ] --END-- [ RunTime:0.001002s ]
INFO: [ view_template ] --START--
INFO: Run LocationTemplate Behavior [ RunTime:0.001088s ]
INFO: [ view_template ] --END-- [ RunTime:0.001170s ]
INFO: [ view_parse ] --START--
INFO: Run ParseTemplate Behavior [ RunTime:0.345543s ]
INFO: [ view_parse ] --END-- [ RunTime:0.345678s ]
INFO: [ view_filter ] --START--
INFO: Run ContentReplace Behavior [ RunTime:0.005138s ]
INFO: Run TokenBuild Behavior [ RunTime:0.001849s ]
INFO: Run WriteHtmlCache Behavior [ RunTime:0.012061s ]
INFO: Run ShowRuntime Behavior [ RunTime:0.002475s ]
INFO: [ view_filter ] --END-- [ RunTime:0.022034s ]
INFO: [ view_end ] --START--
INFO: Run ShowPageTrace Behavior [ RunTime:0.001266s ]
INFO: [ view_end ] --END-- [ RunTime:0.001400s ]

[ 2013-07-10T10:22:17+08:00 ] 127.0.0.1 /Enterprise/index.php?cron=page%3Aindex&p=
INFO: [ app_begin ] --START--
INFO: Run ReadHtmlCache Behavior [ RunTime:0.000939s ]
INFO: [ app_begin ] --END-- [ RunTime:0.001038s ]
INFO: [ view_template ] --START--
INFO: Run LocationTemplate Behavior [ RunTime:0.001101s ]
INFO: [ view_template ] --END-- [ RunTime:0.001182s ]
INFO: [ view_parse ] --START--
INFO: Run ParseTemplate Behavior [ RunTime:0.421875s ]
INFO: [ view_parse ] --END-- [ RunTime:0.422011s ]
INFO: [ view_filter ] --START--
INFO: Run ContentReplace Behavior [ RunTime:0.008106s ]
INFO: Run TokenBuild Behavior [ RunTime:0.001981s ]
INFO: Run WriteHtmlCache Behavior [ RunTime:0.000878s ]
INFO: Run ShowRuntime Behavior [ RunTime:0.002794s ]
INFO: [ view_filter ] --END-- [ RunTime:0.014263s ]
INFO: [ view_end ] --START--
INFO: Run ShowPageTrace Behavior [ RunTime:0.001150s ]
INFO: [ view_end ] --END-- [ RunTime:0.001412s ]

[ 2013-07-10T10:22:38+08:00 ] 127.0.0.1 /Enterprise/
INFO: [ app_begin ] --START--
INFO: Run ReadHtmlCache Behavior [ RunTime:0.000933s ]
INFO: [ app_begin ] --END-- [ RunTime:0.001044s ]
INFO: [ view_template ] --START--
INFO: Run LocationTemplate Behavior [ RunTime:0.001099s ]
INFO: [ view_template ] --END-- [ RunTime:0.001186s ]
INFO: [ view_parse ] --START--
INFO: Run ParseTemplate Behavior [ RunTime:0.363744s ]
INFO: [ view_parse ] --END-- [ RunTime:0.363876s ]
INFO: [ view_filter ] --START--
INFO: Run ContentReplace Behavior [ RunTime:0.010765s ]
INFO: Run TokenBuild Behavior [ RunTime:0.006594s ]
INFO: Run WriteHtmlCache Behavior [ RunTime:0.000855s ]
INFO: Run ShowRuntime Behavior [ RunTime:0.002596s ]
INFO: [ view_filter ] --END-- [ RunTime:0.021327s ]
INFO: [ view_end ] --START--
INFO: Run ShowPageTrace Behavior [ RunTime:0.001184s ]
INFO: [ view_end ] --END-- [ RunTime:0.001276s ]

[ 2013-07-10T10:22:39+08:00 ] 127.0.0.1 /Enterprise/index.php?cron=page%3Aindex&p=
INFO: [ app_begin ] --START--
INFO: Run ReadHtmlCache Behavior [ RunTime:0.000538s ]
INFO: [ app_begin ] --END-- [ RunTime:0.000639s ]
INFO: [ view_template ] --START--
INFO: Run LocationTemplate Behavior [ RunTime:0.000420s ]
INFO: [ view_template ] --END-- [ RunTime:0.000678s ]
INFO: [ view_parse ] --START--
INFO: Run ParseTemplate Behavior [ RunTime:0.346055s ]
INFO: [ view_parse ] --END-- [ RunTime:0.346183s ]
INFO: [ view_filter ] --START--
INFO: Run ContentReplace Behavior [ RunTime:0.004406s ]
INFO: Run TokenBuild Behavior [ RunTime:0.002495s ]
INFO: Run WriteHtmlCache Behavior [ RunTime:0.000595s ]
INFO: Run ShowRuntime Behavior [ RunTime:0.001965s ]
INFO: [ view_filter ] --END-- [ RunTime:0.009946s ]
INFO: [ view_end ] --START--
INFO: Run ShowPageTrace Behavior [ RunTime:0.000732s ]
INFO: [ view_end ] --END-- [ RunTime:0.000814s ]

[ 2013-07-10T10:23:20+08:00 ] 127.0.0.1 /Enterprise/
INFO: [ app_begin ] --START--
INFO: Run ReadHtmlCache Behavior [ RunTime:0.000533s ]
INFO: [ app_begin ] --END-- [ RunTime:0.000627s ]
INFO: [ view_template ] --START--
INFO: Run LocationTemplate Behavior [ RunTime:0.000399s ]
INFO: [ view_template ] --END-- [ RunTime:0.000482s ]
INFO: [ view_parse ] --START--
INFO: Run ParseTemplate Behavior [ RunTime:0.274517s ]
INFO: [ view_parse ] --END-- [ RunTime:0.274795s ]
INFO: [ view_filter ] --START--
INFO: Run ContentReplace Behavior [ RunTime:0.004207s ]
INFO: Run TokenBuild Behavior [ RunTime:0.001468s ]
INFO: Run WriteHtmlCache Behavior [ RunTime:0.000521s ]
INFO: Run ShowRuntime Behavior [ RunTime:0.001634s ]
INFO: [ view_filter ] --END-- [ RunTime:0.008413s ]
INFO: [ view_end ] --START--
INFO: Run ShowPageTrace Behavior [ RunTime:0.000718s ]
INFO: [ view_end ] --END-- [ RunTime:0.000816s ]

[ 2013-07-10T10:23:21+08:00 ] 127.0.0.1 /Enterprise/index.php?cron=page%3Aindex&p=
INFO: [ app_begin ] --START--
INFO: Run ReadHtmlCache Behavior [ RunTime:0.001593s ]
INFO: [ app_begin ] --END-- [ RunTime:0.001795s ]
INFO: [ view_template ] --START--
INFO: Run LocationTemplate Behavior [ RunTime:0.001765s ]
INFO: [ view_template ] --END-- [ RunTime:0.001896s ]
INFO: [ view_parse ] --START--
INFO: Run ParseTemplate Behavior [ RunTime:0.343535s ]
INFO: [ view_parse ] --END-- [ RunTime:0.343735s ]
INFO: [ view_filter ] --START--
INFO: Run ContentReplace Behavior [ RunTime:0.006111s ]
INFO: Run TokenBuild Behavior [ RunTime:0.005603s ]
INFO: Run WriteHtmlCache Behavior [ RunTime:0.000843s ]
INFO: Run ShowRuntime Behavior [ RunTime:0.002026s ]
INFO: [ view_filter ] --END-- [ RunTime:0.015072s ]
INFO: [ view_end ] --START--
INFO: Run ShowPageTrace Behavior [ RunTime:0.001141s ]
INFO: [ view_end ] --END-- [ RunTime:0.001226s ]

[ 2013-07-10T10:24:46+08:00 ] 127.0.0.1 /Enterprise/
INFO: [ app_begin ] --START--
INFO: Run ReadHtmlCache Behavior [ RunTime:0.000554s ]
INFO: [ app_begin ] --END-- [ RunTime:0.000650s ]
INFO: [ view_template ] --START--
INFO: Run LocationTemplate Behavior [ RunTime:0.000325s ]
INFO: [ view_template ] --END-- [ RunTime:0.000401s ]
INFO: [ view_parse ] --START--
INFO: Run ParseTemplate Behavior [ RunTime:0.242735s ]
INFO: [ view_parse ] --END-- [ RunTime:0.242864s ]
INFO: [ view_filter ] --START--
INFO: Run ContentReplace Behavior [ RunTime:0.002537s ]
INFO: Run TokenBuild Behavior [ RunTime:0.000941s ]
INFO: Run WriteHtmlCache Behavior [ RunTime:0.000366s ]
INFO: Run ShowRuntime Behavior [ RunTime:0.001419s ]
INFO: [ view_filter ] --END-- [ RunTime:0.005611s ]
INFO: [ view_end ] --START--
INFO: Run ShowPageTrace Behavior [ RunTime:0.000739s ]
INFO: [ view_end ] --END-- [ RunTime:0.000818s ]

[ 2013-07-10T10:24:47+08:00 ] 127.0.0.1 /Enterprise/index.php?cron=page%3Aindex&p=
INFO: [ app_begin ] --START--
INFO: Run ReadHtmlCache Behavior [ RunTime:0.001015s ]
INFO: [ app_begin ] --END-- [ RunTime:0.001123s ]
INFO: [ view_template ] --START--
INFO: Run LocationTemplate Behavior [ RunTime:0.001828s ]
INFO: [ view_template ] --END-- [ RunTime:0.001953s ]
INFO: [ view_parse ] --START--
INFO: Run ParseTemplate Behavior [ RunTime:0.304034s ]
INFO: [ view_parse ] --END-- [ RunTime:0.304175s ]
INFO: [ view_filter ] --START--
INFO: Run ContentReplace Behavior [ RunTime:0.005008s ]
INFO: Run TokenBuild Behavior [ RunTime:0.002799s ]
INFO: Run WriteHtmlCache Behavior [ RunTime:0.000784s ]
INFO: Run ShowRuntime Behavior [ RunTime:0.001514s ]
INFO: [ view_filter ] --END-- [ RunTime:0.010461s ]
INFO: [ view_end ] --START--
INFO: Run ShowPageTrace Behavior [ RunTime:0.001194s ]
INFO: [ view_end ] --END-- [ RunTime:0.001295s ]

[ 2013-07-10T10:32:22+08:00 ] 127.0.0.1 /Enterprise/
INFO: [ app_begin ] --START--
INFO: Run ReadHtmlCache Behavior [ RunTime:0.000915s ]
INFO: [ app_begin ] --END-- [ RunTime:0.001014s ]
INFO: [ view_template ] --START--
INFO: Run LocationTemplate Behavior [ RunTime:0.001060s ]
INFO: [ view_template ] --END-- [ RunTime:0.001141s ]
INFO: [ view_parse ] --START--
INFO: Run ParseTemplate Behavior [ RunTime:0.236668s ]
INFO: [ view_parse ] --END-- [ RunTime:0.236804s ]
INFO: [ view_filter ] --START--
INFO: Run ContentReplace Behavior [ RunTime:0.003981s ]
INFO: Run TokenBuild Behavior [ RunTime:0.001371s ]
INFO: Run WriteHtmlCache Behavior [ RunTime:0.000765s ]
INFO: Run ShowRuntime Behavior [ RunTime:0.001548s ]
INFO: [ view_filter ] --END-- [ RunTime:0.008078s ]
INFO: [ view_end ] --START--
INFO: Run ShowPageTrace Behavior [ RunTime:0.001153s ]
INFO: [ view_end ] --END-- [ RunTime:0.001283s ]

[ 2013-07-10T10:32:23+08:00 ] 127.0.0.1 /Enterprise/index.php?cron=page%3Aindex&p=
INFO: [ app_begin ] --START--
INFO: Run ReadHtmlCache Behavior [ RunTime:0.000913s ]
INFO: [ app_begin ] --END-- [ RunTime:0.001013s ]
INFO: [ view_template ] --START--
INFO: Run LocationTemplate Behavior [ RunTime:0.001080s ]
INFO: [ view_template ] --END-- [ RunTime:0.001164s ]
INFO: [ view_parse ] --START--
INFO: Run ParseTemplate Behavior [ RunTime:0.308156s ]
INFO: [ view_parse ] --END-- [ RunTime:0.308327s ]
INFO: [ view_filter ] --START--
INFO: Run ContentReplace Behavior [ RunTime:0.002894s ]
INFO: Run TokenBuild Behavior [ RunTime:0.001433s ]
INFO: Run WriteHtmlCache Behavior [ RunTime:0.000827s ]
INFO: Run ShowRuntime Behavior [ RunTime:0.006320s ]
INFO: [ view_filter ] --END-- [ RunTime:0.012048s ]
INFO: [ view_end ] --START--
INFO: Run ShowPageTrace Behavior [ RunTime:0.002167s ]
INFO: [ view_end ] --END-- [ RunTime:0.002270s ]

[ 2013-07-10T10:34:26+08:00 ] 127.0.0.1 /Enterprise/
INFO: [ app_begin ] --START--
INFO: Run ReadHtmlCache Behavior [ RunTime:0.000987s ]
INFO: [ app_begin ] --END-- [ RunTime:0.001095s ]
INFO: [ view_template ] --START--
INFO: Run LocationTemplate Behavior [ RunTime:0.001056s ]
INFO: [ view_template ] --END-- [ RunTime:0.001136s ]
INFO: [ view_parse ] --START--
INFO: Run ParseTemplate Behavior [ RunTime:0.235556s ]
INFO: [ view_parse ] --END-- [ RunTime:0.235710s ]
INFO: [ view_filter ] --START--
INFO: Run ContentReplace Behavior [ RunTime:0.003020s ]
INFO: Run TokenBuild Behavior [ RunTime:0.001440s ]
INFO: Run WriteHtmlCache Behavior [ RunTime:0.000843s ]
INFO: Run ShowRuntime Behavior [ RunTime:0.002491s ]
INFO: [ view_filter ] --END-- [ RunTime:0.008190s ]
INFO: [ view_end ] --START--
INFO: Run ShowPageTrace Behavior [ RunTime:0.001145s ]
INFO: [ view_end ] --END-- [ RunTime:0.001229s ]

[ 2013-07-10T10:34:27+08:00 ] 127.0.0.1 /Enterprise/index.php?cron=page%3Aindex&p=
INFO: [ app_begin ] --START--
INFO: Run ReadHtmlCache Behavior [ RunTime:0.000529s ]
INFO: [ app_begin ] --END-- [ RunTime:0.000627s ]
INFO: [ view_template ] --START--
INFO: Run LocationTemplate Behavior [ RunTime:0.000333s ]
INFO: [ view_template ] --END-- [ RunTime:0.000412s ]
INFO: [ view_parse ] --START--
INFO: Run ParseTemplate Behavior [ RunTime:0.300817s ]
INFO: [ view_parse ] --END-- [ RunTime:0.301027s ]
INFO: [ view_filter ] --START--
INFO: Run ContentReplace Behavior [ RunTime:0.002745s ]
INFO: Run TokenBuild Behavior [ RunTime:0.001011s ]
INFO: Run WriteHtmlCache Behavior [ RunTime:0.000355s ]
INFO: Run ShowRuntime Behavior [ RunTime:0.001363s ]
INFO: [ view_filter ] --END-- [ RunTime:0.006337s ]
INFO: [ view_end ] --START--
INFO: Run ShowPageTrace Behavior [ RunTime:0.002062s ]
INFO: [ view_end ] --END-- [ RunTime:0.002173s ]

[ 2013-07-10T10:36:26+08:00 ] 127.0.0.1 /Enterprise/
INFO: [ app_begin ] --START--
INFO: Run ReadHtmlCache Behavior [ RunTime:0.000898s ]
INFO: [ app_begin ] --END-- [ RunTime:0.000996s ]
INFO: [ view_template ] --START--
INFO: Run LocationTemplate Behavior [ RunTime:0.001094s ]
INFO: [ view_template ] --END-- [ RunTime:0.001176s ]
INFO: [ view_parse ] --START--
INFO: Run ParseTemplate Behavior [ RunTime:0.226044s ]
INFO: [ view_parse ] --END-- [ RunTime:0.226174s ]
INFO: [ view_filter ] --START--
INFO: Run ContentReplace Behavior [ RunTime:0.002294s ]
INFO: Run TokenBuild Behavior [ RunTime:0.001393s ]
INFO: Run WriteHtmlCache Behavior [ RunTime:0.000362s ]
INFO: Run ShowRuntime Behavior [ RunTime:0.001133s ]
INFO: [ view_filter ] --END-- [ RunTime:0.005532s ]
INFO: [ view_end ] --START--
INFO: Run ShowPageTrace Behavior [ RunTime:0.000757s ]
INFO: [ view_end ] --END-- [ RunTime:0.000856s ]

[ 2013-07-10T10:36:28+08:00 ] 127.0.0.1 /Enterprise/index.php?cron=page%3Aindex&p=
INFO: [ app_begin ] --START--
INFO: Run ReadHtmlCache Behavior [ RunTime:0.000890s ]
INFO: [ app_begin ] --END-- [ RunTime:0.000986s ]
INFO: [ view_template ] --START--
INFO: Run LocationTemplate Behavior [ RunTime:0.001054s ]
INFO: [ view_template ] --END-- [ RunTime:0.001134s ]
INFO: [ view_parse ] --START--
INFO: Run ParseTemplate Behavior [ RunTime:0.319019s ]
INFO: [ view_parse ] --END-- [ RunTime:0.319150s ]
INFO: [ view_filter ] --START--
INFO: Run ContentReplace Behavior [ RunTime:0.003127s ]
INFO: Run TokenBuild Behavior [ RunTime:0.001284s ]
INFO: Run WriteHtmlCache Behavior [ RunTime:0.000770s ]
INFO: Run ShowRuntime Behavior [ RunTime:0.001502s ]
INFO: [ view_filter ] --END-- [ RunTime:0.007338s ]
INFO: [ view_end ] --START--
INFO: Run ShowPageTrace Behavior [ RunTime:0.001150s ]
INFO: [ view_end ] --END-- [ RunTime:0.001236s ]

