[ 2013-07-19T09:23:22+08:00 ] ERR: (ThinkException) 无法加载模块:000
[ 2013-07-19T09:24:12+08:00 ] ERR: (ThinkException) 无法加载模块:000
[ 2013-07-19T09:33:29+08:00 ] ERR: (ThinkException) 无法加载模块:000
[ 2013-07-19T09:43:13+08:00 ] ERR: (ThinkException) 无法加载模块:000
[ 2013-07-19T09:43:13+08:00 ] ERR: (ThinkException) 无法加载模块:plugins
[ 2013-07-19T09:43:13+08:00 ] ERR: (ThinkException) 无法加载模块:index
[ 2013-07-19T09:56:07+08:00 ] ERR: (ThinkException) 非法操作:000
[ 2013-07-19T09:57:38+08:00 ] ERR: (ThinkException) 非法操作:000
[ 2013-07-19T10:03:38+08:00 ] ERR: (ThinkException) 非法操作:000
[ 2013-07-19T10:06:08+08:00 ] ERR: (ThinkException) 非法操作:000
[ 2013-07-19T10:06:59+08:00 ] ERR: (ThinkException) 非法操作:000
[ 2013-07-19T10:07:39+08:00 ] ERR: (ThinkException) 非法操作:000
[ 2013-07-19T10:11:32+08:00 ] ERR: (ThinkException) 非法操作:000
[ 2013-07-19T10:14:37+08:00 ] ERR: (ThinkException) 无法加载模块:000
[ 2013-07-19T10:15:07+08:00 ] ERR: (ThinkException) 无法加载模块:000
[ 2013-07-19T10:15:10+08:00 ] ERR: (ThinkException) 无法加载模块:000
[ 2013-07-19T10:15:18+08:00 ] ERR: (ThinkException) 无法加载模块:000
[ 2013-07-19T10:15:30+08:00 ] ERR: (ThinkException) 无法加载模块:000
[ 2013-07-19T10:16:35+08:00 ] ERR: (ThinkException) 无法加载模块:000
[ 2013-07-19T10:16:48+08:00 ] ERR: (ThinkException) 无法加载模块:000
[ 2013-07-19T10:17:42+08:00 ] ERR: (ThinkException) 无法加载模块:000
[ 2013-07-19T10:18:22+08:00 ] ERR: (ThinkException) 无法加载模块:000
[ 2013-07-19T10:29:41+08:00 ] ERR: (ThinkException) 无法加载模块:000
[ 2013-07-19T10:32:11+08:00 ] ERR: (ThinkException) 无法加载模块:showbody
[ 2013-07-19T10:32:29+08:00 ] ERR: (ThinkException) 非法操作:000
[ 2013-07-19T10:33:04+08:00 ] ERR: (ThinkException) 非法操作:000
