[ 2013-07-18T15:53:53+08:00 ] ERR: (ThinkException) 模板不存在[./Index/Tpl/Search/index.html]
[ 2013-07-18T15:55:55+08:00 ] ERR: (ThinkException) 无法加载模块:000
[ 2013-07-18T15:55:55+08:00 ] ERR: (ThinkException) 无法加载模块:index
[ 2013-07-18T15:55:55+08:00 ] ERR: (ThinkException) 无法加载模块:plugins
[ 2013-07-18T16:04:59+08:00 ] ERR: (ThinkException) 无法加载模块:000
[ 2013-07-18T16:04:59+08:00 ] ERR: (ThinkException) 无法加载模块:index
[ 2013-07-18T16:04:59+08:00 ] ERR: (ThinkException) 无法加载模块:plugins
[ 2013-07-18T16:05:35+08:00 ] ERR: (ThinkException) 无法加载模块:000
[ 2013-07-18T16:05:35+08:00 ] ERR: (ThinkException) 无法加载模块:index
[ 2013-07-18T16:05:35+08:00 ] ERR: (ThinkException) 无法加载模块:plugins
[ 2013-07-18T16:18:34+08:00 ] ERR: (ThinkException) 无法加载模块:000
[ 2013-07-18T16:20:22+08:00 ] ERR: (ThinkException) 无法加载模块:000
[ 2013-07-18T16:21:51+08:00 ] ERR: (ThinkException) 无法加载模块:000
[ 2013-07-18T16:23:07+08:00 ] ERR: (ThinkException) 无法加载模块:000
[ 2013-07-18T16:24:08+08:00 ] ERR: (ThinkException) 无法加载模块:000
[ 2013-07-18T16:24:33+08:00 ] ERR: (ThinkException) 无法加载模块:000
[ 2013-07-18T16:24:47+08:00 ] ERR: (ThinkException) 无法加载模块:000
[ 2013-07-18T16:25:06+08:00 ] ERR: (ThinkException) 无法加载模块:000
[ 2013-07-18T16:25:44+08:00 ] ERR: (ThinkException) 无法加载模块:000
[ 2013-07-18T16:25:57+08:00 ] ERR: (ThinkException) 无法加载模块:000
[ 2013-07-18T16:26:04+08:00 ] ERR: (ThinkException) 无法加载模块:000
[ 2013-07-18T16:27:21+08:00 ] ERR: (ThinkException) 无法加载模块:000
[ 2013-07-18T16:27:32+08:00 ] ERR: (ThinkException) 无法加载模块:000
[ 2013-07-18T16:28:01+08:00 ] ERR: (ThinkException) 无法加载模块:000
[ 2013-07-18T16:28:33+08:00 ] ERR: (ThinkException) 无法加载模块:000
[ 2013-07-18T16:29:32+08:00 ] ERR: (ThinkException) 无法加载模块:000
[ 2013-07-18T16:30:27+08:00 ] ERR: (ThinkException) 无法加载模块:000
[ 2013-07-18T16:30:45+08:00 ] ERR: (ThinkException) 无法加载模块:000
[ 2013-07-18T16:34:15+08:00 ] ERR: (ThinkException) 无法加载模块:000
[ 2013-07-18T16:34:46+08:00 ] ERR: (ThinkException) 无法加载模块:000
[ 2013-07-18T16:41:52+08:00 ] ERR: (ThinkException) 无法加载模块:000
[ 2013-07-18T16:47:48+08:00 ] ERR: (ThinkException) 无法加载模块:index.php
[ 2013-07-18T16:47:53+08:00 ] ERR: (ThinkException) 无法加载模块:000
[ 2013-07-18T16:48:17+08:00 ] ERR: (ThinkException) 无法加载模块:index.php
[ 2013-07-18T16:48:26+08:00 ] ERR: (ThinkException) 无法加载模块:000
[ 2013-07-18T16:48:34+08:00 ] ERR: (ThinkException) 无法加载模块:000
[ 2013-07-18T16:48:38+08:00 ] ERR: (ThinkException) 非法操作:Search
[ 2013-07-18T16:48:41+08:00 ] ERR: (ThinkException) 无法加载模块:000
[ 2013-07-18T16:49:16+08:00 ] ERR: (ThinkException) 无法加载模块:000
[ 2013-07-18T16:50:12+08:00 ] ERR: (ThinkException) 无法加载模块:000
[ 2013-07-18T16:50:51+08:00 ] ERR: (ThinkException) 无法加载模块:000
[ 2013-07-18T16:50:59+08:00 ] ERR: (ThinkException) 无法加载模块:000
[ 2013-07-18T16:54:46+08:00 ] ERR: (ThinkException) 无法加载模块:000
[ 2013-07-18T16:55:12+08:00 ] ERR: (ThinkException) 无法加载模块:000
[ 2013-07-18T16:55:16+08:00 ] ERR: (ThinkException) 无法加载模块:000
[ 2013-07-18T16:56:44+08:00 ] ERR: (ThinkException) 无法加载模块:000
[ 2013-07-18T16:57:16+08:00 ] ERR: (ThinkException) 无法加载模块:000
[ 2013-07-18T16:58:58+08:00 ] ERR: (ThinkException) 无法加载模块:000
[ 2013-07-18T17:00:49+08:00 ] ERR: (ThinkException) 无法加载模块:000
[ 2013-07-18T17:01:07+08:00 ] ERR: (ThinkException) 无法加载模块:000
[ 2013-07-18T17:01:14+08:00 ] ERR: (ThinkException) 无法加载模块:000
[ 2013-07-18T17:08:12+08:00 ] ERR: (ThinkException) 无法加载模块:000
[ 2013-07-18T17:08:34+08:00 ] ERR: (ThinkException) 无法加载模块:000
[ 2013-07-18T17:13:47+08:00 ] ERR: (ThinkException) 无法加载模块:000
[ 2013-07-18T17:15:35+08:00 ] ERR: (ThinkException) 无法加载模块:7
[ 2013-07-18T17:15:36+08:00 ] ERR: (ThinkException) 无法加载模块:000
